2018-05-31 13:33:36.948 [main] INFO  o.s.c.a.AnnotationConfigApplicationContext - Refreshing org.springframework.context.annotation.AnnotationConfigApplicationContext@10163d6: startup date [Thu May 31 13:33:36 CST 2018]; root of context hierarchy
2018-05-31 13:33:37.122 [main] INFO  o.s.b.f.a.AutowiredAnnotationBeanPostProcessor - JSR-330 'javax.inject.Inject' annotation found and supported for autowiring
2018-05-31 13:33:37.151 [main] INFO  o.s.c.s.PostProcessorRegistrationDelegate$BeanPostProcessorChecker - Bean 'configurationPropertiesRebinderAutoConfiguration' of type [org.springframework.cloud.autoconfigure.ConfigurationPropertiesRebinderAutoConfiguration$$EnhancerBySpringCGLIB$$d5df90db] is not eligible for getting processed by all BeanPostProcessors (for example: not eligible for auto-proxying)
2018-05-31 13:33:37.948 [main] INFO  com.k2data.k2app.Application - The following profiles are active: dev
2018-05-31 13:33:37.961 [main] INFO  o.s.b.c.e.AnnotationConfigEmbeddedWebApplicationContext - Refreshing org.springframework.boot.context.embedded.AnnotationConfigEmbeddedWebApplicationContext@68044f4: startup date [Thu May 31 13:33:37 CST 2018]; parent: org.springframework.context.annotation.AnnotationConfigApplicationContext@10163d6
2018-05-31 13:33:38.691 [main] INFO  o.springframework.cloud.context.scope.GenericScope - BeanFactory id=efccfb77-bd30-3372-b8b5-a9e9e32c8319
2018-05-31 13:33:38.701 [main] INFO  o.s.b.f.a.AutowiredAnnotationBeanPostProcessor - JSR-330 'javax.inject.Inject' annotation found and supported for autowiring
2018-05-31 13:33:38.747 [main] INFO  o.s.c.s.PostProcessorRegistrationDelegate$BeanPostProcessorChecker - Bean 'org.springframework.cloud.autoconfigure.ConfigurationPropertiesRebinderAutoConfiguration' of type [org.springframework.cloud.autoconfigure.ConfigurationPropertiesRebinderAutoConfiguration$$EnhancerBySpringCGLIB$$d5df90db] is not eligible for getting processed by all BeanPostProcessors (for example: not eligible for auto-proxying)
2018-05-31 13:33:38.906 [main] INFO  o.s.b.c.e.tomcat.TomcatEmbeddedServletContainer - Tomcat initialized with port(s): 8761 (http)
2018-05-31 13:33:38.913 [main] INFO  org.apache.catalina.core.StandardService - Starting service Tomcat
2018-05-31 13:33:38.913 [main] INFO  org.apache.catalina.core.StandardEngine - Starting Servlet Engine: Apache Tomcat/8.5.14
2018-05-31 13:33:39.008 [localhost-startStop-1] INFO  o.a.c.core.ContainerBase.[Tomcat].[localhost].[/] - Initializing Spring embedded WebApplicationContext
2018-05-31 13:33:39.008 [localhost-startStop-1] INFO  org.springframework.web.context.ContextLoader - Root WebApplicationContext: initialization completed in 1047 ms
2018-05-31 13:33:39.488 [localhost-startStop-1] INFO  o.s.boot.web.servlet.FilterRegistrationBean - Mapping filter: 'metricsFilter' to: [/*]
2018-05-31 13:33:39.488 [localhost-startStop-1] INFO  o.s.boot.web.servlet.FilterRegistrationBean - Mapping filter: 'characterEncodingFilter' to: [/*]
2018-05-31 13:33:39.488 [localhost-startStop-1] INFO  o.s.boot.web.servlet.FilterRegistrationBean - Mapping filter: 'hiddenHttpMethodFilter' to: [/*]
2018-05-31 13:33:39.488 [localhost-startStop-1] INFO  o.s.boot.web.servlet.FilterRegistrationBean - Mapping filter: 'httpPutFormContentFilter' to: [/*]
2018-05-31 13:33:39.488 [localhost-startStop-1] INFO  o.s.boot.web.servlet.FilterRegistrationBean - Mapping filter: 'requestContextFilter' to: [/*]
2018-05-31 13:33:39.489 [localhost-startStop-1] INFO  o.s.b.w.s.DelegatingFilterProxyRegistrationBean - Mapping filter: 'springSecurityFilterChain' to: [/*]
2018-05-31 13:33:39.489 [localhost-startStop-1] INFO  o.s.boot.web.servlet.FilterRegistrationBean - Mapping filter: 'webRequestTraceFilter' to: [/*]
2018-05-31 13:33:39.489 [localhost-startStop-1] INFO  o.s.boot.web.servlet.FilterRegistrationBean - Mapping filter: 'servletContainer' to urls: [/eureka/*]
2018-05-31 13:33:39.489 [localhost-startStop-1] INFO  o.s.boot.web.servlet.FilterRegistrationBean - Mapping filter: 'applicationContextIdFilter' to: [/*]
2018-05-31 13:33:39.489 [localhost-startStop-1] INFO  o.s.boot.web.servlet.ServletRegistrationBean - Mapping servlet: 'dispatcherServlet' to [/]
2018-05-31 13:33:39.540 [localhost-startStop-1] INFO  c.s.j.server.impl.application.WebApplicationImpl - Initiating Jersey application, version 'Jersey: 1.19.1 03/11/2016 02:08 PM'
2018-05-31 13:33:39.590 [localhost-startStop-1] INFO  c.n.discovery.provider.DiscoveryJerseyProvider - Using JSON encoding codec LegacyJacksonJson
2018-05-31 13:33:39.591 [localhost-startStop-1] INFO  c.n.discovery.provider.DiscoveryJerseyProvider - Using JSON decoding codec LegacyJacksonJson
2018-05-31 13:33:39.646 [localhost-startStop-1] INFO  c.n.discovery.provider.DiscoveryJerseyProvider - Using XML encoding codec XStreamXml
2018-05-31 13:33:39.646 [localhost-startStop-1] INFO  c.n.discovery.provider.DiscoveryJerseyProvider - Using XML decoding codec XStreamXml
2018-05-31 13:33:40.334 [main] INFO  o.s.cloud.netflix.eureka.InstanceInfoFactory - Setting initial instance status as: STARTING
2018-05-31 13:33:40.423 [main] INFO  com.netflix.discovery.DiscoveryClient - Client configured to neither register nor query for data.
2018-05-31 13:33:40.430 [main] INFO  com.netflix.discovery.DiscoveryClient - Discovery Client initialized at timestamp 1527744820430 with initial instances count: 0
2018-05-31 13:33:40.473 [main] INFO  com.netflix.eureka.DefaultEurekaServerContext - Initializing ...
2018-05-31 13:33:40.474 [main] INFO  com.netflix.eureka.cluster.PeerEurekaNodes - Adding new peer nodes [http://k2data:k2asset885976@localhost:8761/eureka/]
2018-05-31 13:33:40.817 [main] INFO  c.n.discovery.provider.DiscoveryJerseyProvider - Using JSON encoding codec LegacyJacksonJson
2018-05-31 13:33:40.817 [main] INFO  c.n.discovery.provider.DiscoveryJerseyProvider - Using JSON decoding codec LegacyJacksonJson
2018-05-31 13:33:40.817 [main] INFO  c.n.discovery.provider.DiscoveryJerseyProvider - Using XML encoding codec XStreamXml
2018-05-31 13:33:40.817 [main] INFO  c.n.discovery.provider.DiscoveryJerseyProvider - Using XML decoding codec XStreamXml
2018-05-31 13:33:40.887 [main] INFO  com.netflix.eureka.cluster.PeerEurekaNodes - Replica node URL:  http://k2data:k2asset885976@localhost:8761/eureka/
2018-05-31 13:33:40.895 [main] INFO  c.netflix.eureka.registry.AbstractInstanceRegistry - Finished initializing remote region registries. All known remote regions: []
2018-05-31 13:33:40.895 [main] INFO  com.netflix.eureka.DefaultEurekaServerContext - Initialized
2018-05-31 13:33:41.318 [main] INFO  o.a.c.core.ContainerBase.[Tomcat].[localhost].[/] - jolokia: No access restrictor found, access to any MBean is allowed
2018-05-31 13:33:41.445 [main] INFO  o.s.w.s.m.m.a.RequestMappingHandlerAdapter - Looking for @ControllerAdvice: org.springframework.boot.context.embedded.AnnotationConfigEmbeddedWebApplicationContext@68044f4: startup date [Thu May 31 13:33:37 CST 2018]; parent: org.springframework.context.annotation.AnnotationConfigApplicationContext@10163d6
2018-05-31 13:33:41.509 [main] INFO  o.s.w.s.m.m.a.RequestMappingHandlerMapping - Mapped "{[/],methods=[GET]}" onto public java.lang.String org.springframework.cloud.netflix.eureka.server.EurekaController.status(javax.servlet.http.HttpServletRequest,java.util.Map<java.lang.String, java.lang.Object>)
2018-05-31 13:33:41.509 [main] INFO  o.s.w.s.m.m.a.RequestMappingHandlerMapping - Mapped "{[/lastn],methods=[GET]}" onto public java.lang.String org.springframework.cloud.netflix.eureka.server.EurekaController.lastn(javax.servlet.http.HttpServletRequest,java.util.Map<java.lang.String, java.lang.Object>)
2018-05-31 13:33:41.511 [main] INFO  o.s.w.s.m.m.a.RequestMappingHandlerMapping - Mapped "{[/error]}" onto public org.springframework.http.ResponseEntity<java.util.Map<java.lang.String, java.lang.Object>> org.springframework.boot.autoconfigure.web.BasicErrorController.error(javax.servlet.http.HttpServletRequest)
2018-05-31 13:33:41.511 [main] INFO  o.s.w.s.m.m.a.RequestMappingHandlerMapping - Mapped "{[/error],produces=[text/html]}" onto public org.springframework.web.servlet.ModelAndView org.springframework.boot.autoconfigure.web.BasicErrorController.errorHtml(javax.servlet.http.HttpServletRequest,javax.servlet.http.HttpServletResponse)
2018-05-31 13:33:41.535 [main] INFO  o.s.web.servlet.handler.SimpleUrlHandlerMapping - Mapped URL path [/webjars/**] onto handler of type [class org.springframework.web.servlet.resource.ResourceHttpRequestHandler]
2018-05-31 13:33:41.536 [main] INFO  o.s.web.servlet.handler.SimpleUrlHandlerMapping - Mapped URL path [/**] onto handler of type [class org.springframework.web.servlet.resource.ResourceHttpRequestHandler]
2018-05-31 13:33:41.577 [main] INFO  o.s.web.servlet.handler.SimpleUrlHandlerMapping - Mapped URL path [/**/favicon.ico] onto handler of type [class org.springframework.web.servlet.resource.ResourceHttpRequestHandler]
2018-05-31 13:33:41.842 [main] INFO  o.s.security.web.DefaultSecurityFilterChain - Creating filter chain: OrRequestMatcher [requestMatchers=[Ant [pattern='/css/**'], Ant [pattern='/js/**'], Ant [pattern='/images/**'], Ant [pattern='/webjars/**'], Ant [pattern='/**/favicon.ico'], Ant [pattern='/error']]], []
2018-05-31 13:33:41.908 [main] INFO  o.s.security.web.DefaultSecurityFilterChain - Creating filter chain: org.springframework.boot.actuate.autoconfigure.ManagementWebSecurityAutoConfiguration$LazyEndpointPathRequestMatcher@64bebd55, [org.springframework.security.web.context.request.async.WebAsyncManagerIntegrationFilter@7c1a8f0f, org.springframework.security.web.context.SecurityContextPersistenceFilter@12f279b5, org.springframework.security.web.header.HeaderWriterFilter@5d7d8613, org.springframework.security.web.authentication.logout.LogoutFilter@18dd5ed3, org.springframework.security.web.authentication.www.BasicAuthenticationFilter@6f6efa4f, org.springframework.security.web.savedrequest.RequestCacheAwareFilter@5fcd1f0a, org.springframework.security.web.servletapi.SecurityContextHolderAwareRequestFilter@7698b7a4, org.springframework.security.web.authentication.AnonymousAuthenticationFilter@3730f716, org.springframework.security.web.session.SessionManagementFilter@4c302f38, org.springframework.security.web.access.ExceptionTranslationFilter@35d60381, org.springframework.security.web.access.intercept.FilterSecurityInterceptor@23ad71bf]
2018-05-31 13:33:41.910 [main] INFO  o.s.security.web.DefaultSecurityFilterChain - Creating filter chain: OrRequestMatcher [requestMatchers=[Ant [pattern='/**']]], [org.springframework.security.web.context.request.async.WebAsyncManagerIntegrationFilter@298b64f7, org.springframework.security.web.context.SecurityContextPersistenceFilter@15a3b42, org.springframework.security.web.header.HeaderWriterFilter@33feda48, org.springframework.security.web.authentication.logout.LogoutFilter@373052b5, org.springframework.security.web.authentication.www.BasicAuthenticationFilter@67e0ff3a, org.springframework.security.web.savedrequest.RequestCacheAwareFilter@52c9d3d0, org.springframework.security.web.servletapi.SecurityContextHolderAwareRequestFilter@17207f5b, org.springframework.security.web.authentication.AnonymousAuthenticationFilter@740b6628, org.springframework.security.web.session.SessionManagementFilter@6588b715, org.springframework.security.web.access.ExceptionTranslationFilter@72443081, org.springframework.security.web.access.intercept.FilterSecurityInterceptor@5d318e91]
2018-05-31 13:33:42.187 [main] INFO  o.s.b.actuate.endpoint.mvc.EndpointHandlerMapping - Mapped "{[/archaius || /archaius.json],methods=[GET],produces=[application/vnd.spring-boot.actuator.v1+json || application/json]}" onto public java.lang.Object org.springframework.boot.actuate.endpoint.mvc.EndpointMvcAdapter.invoke()
2018-05-31 13:33:42.188 [main] INFO  o.s.b.actuate.endpoint.mvc.EndpointHandlerMapping - Mapped "{[/configprops || /configprops.json],methods=[GET],produces=[application/vnd.spring-boot.actuator.v1+json || application/json]}" onto public java.lang.Object org.springframework.boot.actuate.endpoint.mvc.EndpointMvcAdapter.invoke()
2018-05-31 13:33:42.188 [main] INFO  o.s.b.actuate.endpoint.mvc.EndpointHandlerMapping - Mapped "{[/trace || /trace.json],methods=[GET],produces=[application/vnd.spring-boot.actuator.v1+json || application/json]}" onto public java.lang.Object org.springframework.boot.actuate.endpoint.mvc.EndpointMvcAdapter.invoke()
2018-05-31 13:33:42.189 [main] INFO  o.s.b.actuate.endpoint.mvc.EndpointHandlerMapping - Mapped "{[/pause || /pause.json],methods=[POST]}" onto public java.lang.Object org.springframework.cloud.endpoint.GenericPostableMvcEndpoint.invoke()
2018-05-31 13:33:42.189 [main] INFO  o.s.b.actuate.endpoint.mvc.EndpointHandlerMapping - Mapped "{[/health || /health.json],methods=[GET],produces=[application/vnd.spring-boot.actuator.v1+json || application/json]}" onto public java.lang.Object org.springframework.boot.actuate.endpoint.mvc.HealthMvcEndpoint.invoke(javax.servlet.http.HttpServletRequest,java.security.Principal)
2018-05-31 13:33:42.190 [main] INFO  o.s.b.actuate.endpoint.mvc.EndpointHandlerMapping - Mapped "{[/heapdump || /heapdump.json],methods=[GET],produces=[application/octet-stream]}" onto public void org.springframework.boot.actuate.endpoint.mvc.HeapdumpMvcEndpoint.invoke(boolean,javax.servlet.http.HttpServletRequest,javax.servlet.http.HttpServletResponse) throws java.io.IOException,javax.servlet.ServletException
2018-05-31 13:33:42.190 [main] INFO  o.s.b.actuate.endpoint.mvc.EndpointHandlerMapping - Mapped "{[/restart || /restart.json],methods=[POST]}" onto public java.lang.Object org.springframework.cloud.context.restart.RestartMvcEndpoint.invoke()
2018-05-31 13:33:42.191 [main] INFO  o.s.b.actuate.endpoint.mvc.EndpointHandlerMapping - Mapped "{[/mappings || /mappings.json],methods=[GET],produces=[application/vnd.spring-boot.actuator.v1+json || application/json]}" onto public java.lang.Object org.springframework.boot.actuate.endpoint.mvc.EndpointMvcAdapter.invoke()
2018-05-31 13:33:42.192 [main] INFO  o.s.b.actuate.endpoint.mvc.EndpointHandlerMapping - Mapped "{[/info || /info.json],methods=[GET],produces=[application/vnd.spring-boot.actuator.v1+json || application/json]}" onto public java.lang.Object org.springframework.boot.actuate.endpoint.mvc.EndpointMvcAdapter.invoke()
2018-05-31 13:33:42.193 [main] INFO  o.s.b.actuate.endpoint.mvc.EndpointHandlerMapping - Mapped "{[/features || /features.json],methods=[GET],produces=[application/vnd.spring-boot.actuator.v1+json || application/json]}" onto public java.lang.Object org.springframework.boot.actuate.endpoint.mvc.EndpointMvcAdapter.invoke()
2018-05-31 13:33:42.194 [main] INFO  o.s.b.actuate.endpoint.mvc.EndpointHandlerMapping - Mapped "{[/env/{name:.*}],methods=[GET],produces=[application/vnd.spring-boot.actuator.v1+json || application/json]}" onto public java.lang.Object org.springframework.boot.actuate.endpoint.mvc.EnvironmentMvcEndpoint.value(java.lang.String)
2018-05-31 13:33:42.194 [main] INFO  o.s.b.actuate.endpoint.mvc.EndpointHandlerMapping - Mapped "{[/env || /env.json],methods=[GET],produces=[application/vnd.spring-boot.actuator.v1+json || application/json]}" onto public java.lang.Object org.springframework.boot.actuate.endpoint.mvc.EndpointMvcAdapter.invoke()
2018-05-31 13:33:42.194 [main] INFO  o.s.b.actuate.endpoint.mvc.EndpointHandlerMapping - Mapped "{[/autoconfig || /autoconfig.json],methods=[GET],produces=[application/vnd.spring-boot.actuator.v1+json || application/json]}" onto public java.lang.Object org.springframework.boot.actuate.endpoint.mvc.EndpointMvcAdapter.invoke()
2018-05-31 13:33:42.195 [main] INFO  o.s.b.actuate.endpoint.mvc.EndpointHandlerMapping - Mapped "{[/loggers/{name:.*}],methods=[GET],produces=[application/vnd.spring-boot.actuator.v1+json || application/json]}" onto public java.lang.Object org.springframework.boot.actuate.endpoint.mvc.LoggersMvcEndpoint.get(java.lang.String)
2018-05-31 13:33:42.196 [main] INFO  o.s.b.actuate.endpoint.mvc.EndpointHandlerMapping - Mapped "{[/loggers/{name:.*}],methods=[POST],consumes=[application/vnd.spring-boot.actuator.v1+json || application/json],produces=[application/vnd.spring-boot.actuator.v1+json || application/json]}" onto public java.lang.Object org.springframework.boot.actuate.endpoint.mvc.LoggersMvcEndpoint.set(java.lang.String,java.util.Map<java.lang.String, java.lang.String>)
2018-05-31 13:33:42.196 [main] INFO  o.s.b.actuate.endpoint.mvc.EndpointHandlerMapping - Mapped "{[/loggers || /loggers.json],methods=[GET],produces=[application/vnd.spring-boot.actuator.v1+json || application/json]}" onto public java.lang.Object org.springframework.boot.actuate.endpoint.mvc.EndpointMvcAdapter.invoke()
2018-05-31 13:33:42.196 [main] INFO  o.s.b.actuate.endpoint.mvc.EndpointHandlerMapping - Mapped "{[/refresh || /refresh.json],methods=[POST]}" onto public java.lang.Object org.springframework.cloud.endpoint.GenericPostableMvcEndpoint.invoke()
2018-05-31 13:33:42.196 [main] INFO  o.s.b.actuate.endpoint.mvc.EndpointHandlerMapping - Mapped "{[/dump || /dump.json],methods=[GET],produces=[application/vnd.spring-boot.actuator.v1+json || application/json]}" onto public java.lang.Object org.springframework.boot.actuate.endpoint.mvc.EndpointMvcAdapter.invoke()
2018-05-31 13:33:42.197 [main] INFO  o.s.b.actuate.endpoint.mvc.EndpointHandlerMapping - Mapped "{[/beans || /beans.json],methods=[GET],produces=[application/vnd.spring-boot.actuator.v1+json || application/json]}" onto public java.lang.Object org.springframework.boot.actuate.endpoint.mvc.EndpointMvcAdapter.invoke()
2018-05-31 13:33:42.197 [main] INFO  o.s.b.actuate.endpoint.mvc.EndpointHandlerMapping - Mapped "{[/auditevents || /auditevents.json],methods=[GET],produces=[application/vnd.spring-boot.actuator.v1+json || application/json]}" onto public org.springframework.http.ResponseEntity<?> org.springframework.boot.actuate.endpoint.mvc.AuditEventsMvcEndpoint.findByPrincipalAndAfterAndType(java.lang.String,java.util.Date,java.lang.String)
2018-05-31 13:33:42.198 [main] INFO  o.s.b.actuate.endpoint.mvc.EndpointHandlerMapping - Mapped "{[/env],methods=[POST]}" onto public java.lang.Object org.springframework.cloud.context.environment.EnvironmentManagerMvcEndpoint.value(java.util.Map<java.lang.String, java.lang.String>)
2018-05-31 13:33:42.198 [main] INFO  o.s.b.actuate.endpoint.mvc.EndpointHandlerMapping - Mapped "{[/env/reset],methods=[POST]}" onto public java.util.Map<java.lang.String, java.lang.Object> org.springframework.cloud.context.environment.EnvironmentManagerMvcEndpoint.reset()
2018-05-31 13:33:42.199 [main] INFO  o.s.b.actuate.endpoint.mvc.EndpointHandlerMapping - Mapped "{[/resume || /resume.json],methods=[POST]}" onto public java.lang.Object org.springframework.cloud.endpoint.GenericPostableMvcEndpoint.invoke()
2018-05-31 13:33:42.199 [main] INFO  o.s.b.actuate.endpoint.mvc.EndpointHandlerMapping - Mapped "{[/metrics/{name:.*}],methods=[GET],produces=[application/vnd.spring-boot.actuator.v1+json || application/json]}" onto public java.lang.Object org.springframework.boot.actuate.endpoint.mvc.MetricsMvcEndpoint.value(java.lang.String)
2018-05-31 13:33:42.199 [main] INFO  o.s.b.actuate.endpoint.mvc.EndpointHandlerMapping - Mapped "{[/metrics || /metrics.json],methods=[GET],produces=[application/vnd.spring-boot.actuator.v1+json || application/json]}" onto public java.lang.Object org.springframework.boot.actuate.endpoint.mvc.EndpointMvcAdapter.invoke()
2018-05-31 13:33:42.200 [main] INFO  o.s.b.actuate.endpoint.mvc.EndpointHandlerMapping - Mapped "{[/jolokia/**]}" onto public org.springframework.web.servlet.ModelAndView org.springframework.boot.actuate.endpoint.mvc.JolokiaMvcEndpoint.handle(javax.servlet.http.HttpServletRequest,javax.servlet.http.HttpServletResponse) throws java.lang.Exception
2018-05-31 13:33:42.268 [main] INFO  o.s.ui.freemarker.SpringTemplateLoader - SpringTemplateLoader for FreeMarker: using resource loader [org.springframework.boot.context.embedded.AnnotationConfigEmbeddedWebApplicationContext@68044f4: startup date [Thu May 31 13:33:37 CST 2018]; parent: org.springframework.context.annotation.AnnotationConfigApplicationContext@10163d6] and template loader path [classpath:/templates/]
2018-05-31 13:33:42.269 [main] INFO  o.s.w.servlet.view.freemarker.FreeMarkerConfigurer - ClassTemplateLoader for Spring macros added to FreeMarker configuration
2018-05-31 13:33:42.333 [main] WARN  com.netflix.config.sources.URLConfigurationSource - No URLs will be polled as dynamic configuration sources.
2018-05-31 13:33:42.333 [main] INFO  com.netflix.config.sources.URLConfigurationSource - To enable URLs as dynamic configuration sources, define System property archaius.configurationSource.additionalUrls or make config.properties available on classpath.
2018-05-31 13:33:42.336 [main] WARN  com.netflix.config.sources.URLConfigurationSource - No URLs will be polled as dynamic configuration sources.
2018-05-31 13:33:42.336 [main] INFO  com.netflix.config.sources.URLConfigurationSource - To enable URLs as dynamic configuration sources, define System property archaius.configurationSource.additionalUrls or make config.properties available on classpath.
2018-05-31 13:33:42.398 [main] INFO  o.s.jmx.export.annotation.AnnotationMBeanExporter - Registering beans for JMX exposure on startup
2018-05-31 13:33:42.407 [main] INFO  o.s.jmx.export.annotation.AnnotationMBeanExporter - Bean with name 'environmentManager' has been autodetected for JMX exposure
2018-05-31 13:33:42.409 [main] INFO  o.s.jmx.export.annotation.AnnotationMBeanExporter - Bean with name 'configurationPropertiesRebinder' has been autodetected for JMX exposure
2018-05-31 13:33:42.409 [main] INFO  o.s.jmx.export.annotation.AnnotationMBeanExporter - Bean with name 'refreshEndpoint' has been autodetected for JMX exposure
2018-05-31 13:33:42.410 [main] INFO  o.s.jmx.export.annotation.AnnotationMBeanExporter - Bean with name 'restartEndpoint' has been autodetected for JMX exposure
2018-05-31 13:33:42.410 [main] INFO  o.s.jmx.export.annotation.AnnotationMBeanExporter - Bean with name 'refreshScope' has been autodetected for JMX exposure
2018-05-31 13:33:42.412 [main] INFO  o.s.jmx.export.annotation.AnnotationMBeanExporter - Located managed bean 'environmentManager': registering with JMX server as MBean [org.springframework.cloud.context.environment:name=environmentManager,type=EnvironmentManager]
2018-05-31 13:33:42.422 [main] INFO  o.s.jmx.export.annotation.AnnotationMBeanExporter - Located managed bean 'restartEndpoint': registering with JMX server as MBean [org.springframework.cloud.context.restart:name=restartEndpoint,type=RestartEndpoint]
2018-05-31 13:33:42.428 [main] INFO  o.s.jmx.export.annotation.AnnotationMBeanExporter - Located managed bean 'refreshScope': registering with JMX server as MBean [org.springframework.cloud.context.scope.refresh:name=refreshScope,type=RefreshScope]
2018-05-31 13:33:42.436 [main] INFO  o.s.jmx.export.annotation.AnnotationMBeanExporter - Located managed bean 'configurationPropertiesRebinder': registering with JMX server as MBean [org.springframework.cloud.context.properties:name=configurationPropertiesRebinder,context=68044f4,type=ConfigurationPropertiesRebinder]
2018-05-31 13:33:42.441 [main] INFO  o.s.jmx.export.annotation.AnnotationMBeanExporter - Located managed bean 'refreshEndpoint': registering with JMX server as MBean [org.springframework.cloud.endpoint:name=refreshEndpoint,type=RefreshEndpoint]
2018-05-31 13:33:42.802 [main] INFO  o.a.c.core.ContainerBase.[Tomcat].[localhost].[/] - jolokia: No access restrictor found, access to any MBean is allowed
2018-05-31 13:33:42.804 [main] INFO  o.a.c.core.ContainerBase.[Tomcat].[localhost].[/] - jolokia: jolokia:type=Config is already registered. Adding it with jolokia:type=Config,uuid=6ece417b-9969-41ae-9afa-dcadc3849a39, but you should revise your setup in order to either use a qualifier or ensure, that only a single agent gets registered (otherwise history functionality might not work)
2018-05-31 13:33:42.805 [main] INFO  o.a.c.core.ContainerBase.[Tomcat].[localhost].[/] - jolokia: Cannot register (legacy) MBean handler for config store with name jmx4perl:type=Config since it already exists. This is the case if another agent has been already started within the same JVM. The registration is skipped.
2018-05-31 13:33:42.805 [main] INFO  o.a.c.core.ContainerBase.[Tomcat].[localhost].[/] - jolokia: Jolokia Discovery MBean registration is skipped because there is already one registered.
2018-05-31 13:33:42.849 [main] INFO  o.s.context.support.DefaultLifecycleProcessor - Starting beans in phase 0
2018-05-31 13:33:42.849 [main] INFO  o.s.c.n.eureka.EurekaDiscoveryClientConfiguration - Registering application k2asset-eureka with eureka with status UP
2018-05-31 13:33:42.849 [Thread-11] INFO  o.s.c.netflix.eureka.server.EurekaServerBootstrap - Setting the eureka configuration..
2018-05-31 13:33:42.849 [Thread-11] INFO  o.s.c.netflix.eureka.server.EurekaServerBootstrap - Eureka data center value eureka.datacenter is not set, defaulting to default
2018-05-31 13:33:42.850 [Thread-11] INFO  o.s.c.netflix.eureka.server.EurekaServerBootstrap - Eureka environment value eureka.environment is not set, defaulting to test
2018-05-31 13:33:42.858 [Thread-11] INFO  o.s.c.netflix.eureka.server.EurekaServerBootstrap - isAws returned false
2018-05-31 13:33:42.859 [Thread-11] INFO  o.s.c.netflix.eureka.server.EurekaServerBootstrap - Initialized server context
2018-05-31 13:33:42.859 [Thread-11] INFO  c.n.eureka.registry.PeerAwareInstanceRegistryImpl - Got 1 instances from neighboring DS node
2018-05-31 13:33:42.859 [Thread-11] INFO  c.n.eureka.registry.PeerAwareInstanceRegistryImpl - Renew threshold is: 1
2018-05-31 13:33:42.859 [Thread-11] INFO  c.n.eureka.registry.PeerAwareInstanceRegistryImpl - Changing status to UP
2018-05-31 13:33:42.863 [Thread-11] INFO  o.s.c.n.e.s.EurekaServerInitializerConfiguration - Started Eureka Server
2018-05-31 13:33:42.933 [main] INFO  o.s.b.c.e.tomcat.TomcatEmbeddedServletContainer - Tomcat started on port(s): 8761 (http)
2018-05-31 13:33:42.933 [main] INFO  o.s.c.n.eureka.EurekaDiscoveryClientConfiguration - Updating port to 8761
2018-05-31 13:33:42.937 [main] INFO  com.k2data.k2app.Application - Started Application in 6.794 seconds (JVM running for 7.505)
2018-05-31 13:33:45.675 [http-nio-8761-exec-1] INFO  o.a.c.core.ContainerBase.[Tomcat].[localhost].[/] - Initializing Spring FrameworkServlet 'dispatcherServlet'
2018-05-31 13:33:45.675 [http-nio-8761-exec-1] INFO  org.springframework.web.servlet.DispatcherServlet - FrameworkServlet 'dispatcherServlet': initialization started
2018-05-31 13:33:45.692 [http-nio-8761-exec-1] INFO  org.springframework.web.servlet.DispatcherServlet - FrameworkServlet 'dispatcherServlet': initialization completed in 17 ms
2018-05-31 13:34:42.861 [Eureka-EvictionTimer] INFO  c.netflix.eureka.registry.AbstractInstanceRegistry - Running the evict task with compensationTime 0ms
2018-05-31 13:35:42.862 [Eureka-EvictionTimer] INFO  c.netflix.eureka.registry.AbstractInstanceRegistry - Running the evict task with compensationTime 0ms
2018-05-31 13:36:42.862 [Eureka-EvictionTimer] INFO  c.netflix.eureka.registry.AbstractInstanceRegistry - Running the evict task with compensationTime 0ms
2018-05-31 13:37:42.863 [Eureka-EvictionTimer] INFO  c.netflix.eureka.registry.AbstractInstanceRegistry - Running the evict task with compensationTime 0ms
2018-05-31 13:38:42.863 [Eureka-EvictionTimer] INFO  c.netflix.eureka.registry.AbstractInstanceRegistry - Running the evict task with compensationTime 0ms
2018-05-31 13:39:42.864 [Eureka-EvictionTimer] INFO  c.netflix.eureka.registry.AbstractInstanceRegistry - Running the evict task with compensationTime 0ms
2018-05-31 13:40:42.865 [Eureka-EvictionTimer] INFO  c.netflix.eureka.registry.AbstractInstanceRegistry - Running the evict task with compensationTime 0ms
2018-05-31 13:41:34.238 [http-nio-8761-exec-1] INFO  c.netflix.eureka.registry.AbstractInstanceRegistry - Registered instance K2ASSET-CONFIG/192.168.254.1:8765 with status UP (replication=false)
2018-05-31 13:41:34.836 [http-nio-8761-exec-2] INFO  c.netflix.eureka.registry.AbstractInstanceRegistry - Registered instance K2ASSET-CONFIG/192.168.254.1:8765 with status UP (replication=true)
2018-05-31 13:41:42.865 [Eureka-EvictionTimer] INFO  c.netflix.eureka.registry.AbstractInstanceRegistry - Running the evict task with compensationTime 0ms
2018-05-31 13:42:42.865 [Eureka-EvictionTimer] INFO  c.netflix.eureka.registry.AbstractInstanceRegistry - Running the evict task with compensationTime 0ms
2018-05-31 13:43:42.866 [Eureka-EvictionTimer] INFO  c.netflix.eureka.registry.AbstractInstanceRegistry - Running the evict task with compensationTime 0ms
2018-05-31 13:44:42.866 [Eureka-EvictionTimer] INFO  c.netflix.eureka.registry.AbstractInstanceRegistry - Running the evict task with compensationTime 0ms
2018-05-31 13:45:42.867 [Eureka-EvictionTimer] INFO  c.netflix.eureka.registry.AbstractInstanceRegistry - Running the evict task with compensationTime 0ms
2018-05-31 13:46:42.868 [Eureka-EvictionTimer] INFO  c.netflix.eureka.registry.AbstractInstanceRegistry - Running the evict task with compensationTime 0ms
2018-05-31 13:47:03.931 [http-nio-8761-exec-3] INFO  c.netflix.eureka.registry.AbstractInstanceRegistry - Registered instance K2ASSET-ZIPKIN/192.168.254.1:9411 with status UP (replication=false)
2018-05-31 13:47:04.447 [http-nio-8761-exec-6] INFO  c.netflix.eureka.registry.AbstractInstanceRegistry - Registered instance K2ASSET-ZIPKIN/192.168.254.1:9411 with status UP (replication=true)
2018-05-31 13:47:42.869 [Eureka-EvictionTimer] INFO  c.netflix.eureka.registry.AbstractInstanceRegistry - Running the evict task with compensationTime 1ms
2018-05-31 13:48:40.895 [ReplicaAwareInstanceRegistry - RenewalThresholdUpdater] INFO  c.n.eureka.registry.PeerAwareInstanceRegistryImpl - Current renewal threshold is : 5
2018-05-31 13:48:42.869 [Eureka-EvictionTimer] INFO  c.netflix.eureka.registry.AbstractInstanceRegistry - Running the evict task with compensationTime 0ms
2018-05-31 13:49:42.869 [Eureka-EvictionTimer] INFO  c.netflix.eureka.registry.AbstractInstanceRegistry - Running the evict task with compensationTime 0ms
2018-05-31 13:50:42.870 [Eureka-EvictionTimer] INFO  c.netflix.eureka.registry.AbstractInstanceRegistry - Running the evict task with compensationTime 0ms
2018-05-31 13:51:42.870 [Eureka-EvictionTimer] INFO  c.netflix.eureka.registry.AbstractInstanceRegistry - Running the evict task with compensationTime 0ms
2018-05-31 13:52:42.871 [Eureka-EvictionTimer] INFO  c.netflix.eureka.registry.AbstractInstanceRegistry - Running the evict task with compensationTime 0ms
2018-05-31 13:53:42.872 [Eureka-EvictionTimer] INFO  c.netflix.eureka.registry.AbstractInstanceRegistry - Running the evict task with compensationTime 0ms
2018-05-31 13:54:42.872 [Eureka-EvictionTimer] INFO  c.netflix.eureka.registry.AbstractInstanceRegistry - Running the evict task with compensationTime 0ms
2018-05-31 13:55:24.552 [http-nio-8761-exec-3] INFO  c.netflix.eureka.registry.AbstractInstanceRegistry - Registered instance K2ASSET-TURBINE/192.168.254.1:8767 with status UP (replication=false)
2018-05-31 13:55:25.065 [http-nio-8761-exec-5] INFO  c.netflix.eureka.registry.AbstractInstanceRegistry - Registered instance K2ASSET-TURBINE/192.168.254.1:8767 with status UP (replication=true)
2018-05-31 13:55:42.873 [Eureka-EvictionTimer] INFO  c.netflix.eureka.registry.AbstractInstanceRegistry - Running the evict task with compensationTime 0ms
2018-05-31 13:56:42.873 [Eureka-EvictionTimer] INFO  c.netflix.eureka.registry.AbstractInstanceRegistry - Running the evict task with compensationTime 0ms
2018-05-31 13:57:42.873 [Eureka-EvictionTimer] INFO  c.netflix.eureka.registry.AbstractInstanceRegistry - Running the evict task with compensationTime 0ms
2018-05-31 13:58:42.874 [Eureka-EvictionTimer] INFO  c.netflix.eureka.registry.AbstractInstanceRegistry - Running the evict task with compensationTime 0ms
2018-05-31 13:59:42.874 [Eureka-EvictionTimer] INFO  c.netflix.eureka.registry.AbstractInstanceRegistry - Running the evict task with compensationTime 0ms
2018-05-31 14:00:42.874 [Eureka-EvictionTimer] INFO  c.netflix.eureka.registry.AbstractInstanceRegistry - Running the evict task with compensationTime 0ms
2018-05-31 14:01:42.875 [Eureka-EvictionTimer] INFO  c.netflix.eureka.registry.AbstractInstanceRegistry - Running the evict task with compensationTime 0ms
2018-05-31 14:02:42.875 [Eureka-EvictionTimer] INFO  c.netflix.eureka.registry.AbstractInstanceRegistry - Running the evict task with compensationTime 0ms
2018-05-31 14:03:40.896 [ReplicaAwareInstanceRegistry - RenewalThresholdUpdater] INFO  c.n.eureka.registry.PeerAwareInstanceRegistryImpl - Current renewal threshold is : 6
2018-05-31 14:03:42.876 [Eureka-EvictionTimer] INFO  c.netflix.eureka.registry.AbstractInstanceRegistry - Running the evict task with compensationTime 0ms
2018-05-31 14:04:42.876 [Eureka-EvictionTimer] INFO  c.netflix.eureka.registry.AbstractInstanceRegistry - Running the evict task with compensationTime 0ms
2018-05-31 14:05:42.876 [Eureka-EvictionTimer] INFO  c.netflix.eureka.registry.AbstractInstanceRegistry - Running the evict task with compensationTime 0ms
2018-05-31 14:06:42.877 [Eureka-EvictionTimer] INFO  c.netflix.eureka.registry.AbstractInstanceRegistry - Running the evict task with compensationTime 0ms
2018-05-31 14:07:42.878 [Eureka-EvictionTimer] INFO  c.netflix.eureka.registry.AbstractInstanceRegistry - Running the evict task with compensationTime 0ms
2018-05-31 14:08:42.878 [Eureka-EvictionTimer] INFO  c.netflix.eureka.registry.AbstractInstanceRegistry - Running the evict task with compensationTime 0ms
2018-05-31 14:09:42.878 [Eureka-EvictionTimer] INFO  c.netflix.eureka.registry.AbstractInstanceRegistry - Running the evict task with compensationTime 0ms
2018-05-31 14:10:42.879 [Eureka-EvictionTimer] INFO  c.netflix.eureka.registry.AbstractInstanceRegistry - Running the evict task with compensationTime 0ms
2018-05-31 14:11:42.879 [Eureka-EvictionTimer] INFO  c.netflix.eureka.registry.AbstractInstanceRegistry - Running the evict task with compensationTime 0ms
2018-05-31 14:12:42.879 [Eureka-EvictionTimer] INFO  c.netflix.eureka.registry.AbstractInstanceRegistry - Running the evict task with compensationTime 0ms
2018-05-31 14:13:42.880 [Eureka-EvictionTimer] INFO  c.netflix.eureka.registry.AbstractInstanceRegistry - Running the evict task with compensationTime 0ms
2018-05-31 14:14:42.901 [Eureka-EvictionTimer] INFO  c.netflix.eureka.registry.AbstractInstanceRegistry - Running the evict task with compensationTime 21ms
2018-05-31 14:15:42.901 [Eureka-EvictionTimer] INFO  c.netflix.eureka.registry.AbstractInstanceRegistry - Running the evict task with compensationTime 0ms
2018-05-31 14:16:42.902 [Eureka-EvictionTimer] INFO  c.netflix.eureka.registry.AbstractInstanceRegistry - Running the evict task with compensationTime 0ms
2018-05-31 14:17:42.903 [Eureka-EvictionTimer] INFO  c.netflix.eureka.registry.AbstractInstanceRegistry - Running the evict task with compensationTime 0ms
2018-05-31 14:18:21.922 [http-nio-8761-exec-1] INFO  c.netflix.eureka.registry.AbstractInstanceRegistry - Registered instance K2ASSET-ZUUL/192.168.254.1:8770 with status UP (replication=false)
2018-05-31 14:18:22.434 [http-nio-8761-exec-10] INFO  c.netflix.eureka.registry.AbstractInstanceRegistry - Registered instance K2ASSET-ZUUL/192.168.254.1:8770 with status UP (replication=true)
2018-05-31 14:18:40.896 [ReplicaAwareInstanceRegistry - RenewalThresholdUpdater] INFO  c.n.eureka.registry.PeerAwareInstanceRegistryImpl - Current renewal threshold is : 8
2018-05-31 14:18:42.904 [Eureka-EvictionTimer] INFO  c.netflix.eureka.registry.AbstractInstanceRegistry - Running the evict task with compensationTime 0ms
2018-05-31 14:19:42.904 [Eureka-EvictionTimer] INFO  c.netflix.eureka.registry.AbstractInstanceRegistry - Running the evict task with compensationTime 0ms
2018-05-31 14:20:42.904 [Eureka-EvictionTimer] INFO  c.netflix.eureka.registry.AbstractInstanceRegistry - Running the evict task with compensationTime 0ms
2018-05-31 14:21:42.905 [Eureka-EvictionTimer] INFO  c.netflix.eureka.registry.AbstractInstanceRegistry - Running the evict task with compensationTime 0ms
2018-05-31 14:22:42.905 [Eureka-EvictionTimer] INFO  c.netflix.eureka.registry.AbstractInstanceRegistry - Running the evict task with compensationTime 0ms
2018-05-31 14:23:42.906 [Eureka-EvictionTimer] INFO  c.netflix.eureka.registry.AbstractInstanceRegistry - Running the evict task with compensationTime 0ms
2018-05-31 14:24:42.906 [Eureka-EvictionTimer] INFO  c.netflix.eureka.registry.AbstractInstanceRegistry - Running the evict task with compensationTime 0ms
2018-05-31 14:25:42.906 [Eureka-EvictionTimer] INFO  c.netflix.eureka.registry.AbstractInstanceRegistry - Running the evict task with compensationTime 0ms
2018-05-31 14:26:42.907 [Eureka-EvictionTimer] INFO  c.netflix.eureka.registry.AbstractInstanceRegistry - Running the evict task with compensationTime 1ms
2018-05-31 14:27:42.907 [Eureka-EvictionTimer] INFO  c.netflix.eureka.registry.AbstractInstanceRegistry - Running the evict task with compensationTime 0ms
2018-05-31 14:28:42.908 [Eureka-EvictionTimer] INFO  c.netflix.eureka.registry.AbstractInstanceRegistry - Running the evict task with compensationTime 0ms
2018-05-31 14:29:42.908 [Eureka-EvictionTimer] INFO  c.netflix.eureka.registry.AbstractInstanceRegistry - Running the evict task with compensationTime 0ms
2018-05-31 14:30:42.909 [Eureka-EvictionTimer] INFO  c.netflix.eureka.registry.AbstractInstanceRegistry - Running the evict task with compensationTime 0ms
2018-05-31 14:31:42.909 [Eureka-EvictionTimer] INFO  c.netflix.eureka.registry.AbstractInstanceRegistry - Running the evict task with compensationTime 0ms
2018-05-31 14:32:42.910 [Eureka-EvictionTimer] INFO  c.netflix.eureka.registry.AbstractInstanceRegistry - Running the evict task with compensationTime 0ms
2018-05-31 14:33:40.897 [ReplicaAwareInstanceRegistry - RenewalThresholdUpdater] INFO  c.n.eureka.registry.PeerAwareInstanceRegistryImpl - Current renewal threshold is : 8
2018-05-31 14:33:42.910 [Eureka-EvictionTimer] INFO  c.netflix.eureka.registry.AbstractInstanceRegistry - Running the evict task with compensationTime 0ms
2018-05-31 14:33:47.864 [http-nio-8761-exec-4] INFO  c.netflix.eureka.registry.AbstractInstanceRegistry - Registered instance K2ASSET-SYS-BASE/192.168.254.1:8810 with status UP (replication=false)
2018-05-31 14:33:48.376 [http-nio-8761-exec-5] INFO  c.netflix.eureka.registry.AbstractInstanceRegistry - Registered instance K2ASSET-SYS-BASE/192.168.254.1:8810 with status UP (replication=true)
2018-05-31 14:34:42.911 [Eureka-EvictionTimer] INFO  c.netflix.eureka.registry.AbstractInstanceRegistry - Running the evict task with compensationTime 0ms
2018-05-31 14:34:44.682 [http-nio-8761-exec-10] INFO  c.netflix.eureka.registry.AbstractInstanceRegistry - Registered instance K2ASSET-SYS-MONITOR/192.168.254.1:8811 with status UP (replication=false)
2018-05-31 14:34:45.195 [http-nio-8761-exec-5] INFO  c.netflix.eureka.registry.AbstractInstanceRegistry - Registered instance K2ASSET-SYS-MONITOR/192.168.254.1:8811 with status UP (replication=true)
2018-05-31 14:35:42.911 [Eureka-EvictionTimer] INFO  c.netflix.eureka.registry.AbstractInstanceRegistry - Running the evict task with compensationTime 0ms
2018-05-31 14:36:17.601 [http-nio-8761-exec-8] INFO  c.netflix.eureka.registry.AbstractInstanceRegistry - Registered instance K2ASSET-SYS-MONITOR/192.168.254.1:8811 with status DOWN (replication=false)
2018-05-31 14:36:17.602 [http-nio-8761-exec-10] INFO  c.netflix.eureka.registry.AbstractInstanceRegistry - Cancelled instance K2ASSET-SYS-MONITOR/192.168.254.1:8811 (replication=false)
2018-05-31 14:36:18.113 [http-nio-8761-exec-1] INFO  c.netflix.eureka.registry.AbstractInstanceRegistry - Registered instance K2ASSET-SYS-MONITOR/192.168.254.1:8811 with status DOWN (replication=true)
2018-05-31 14:36:18.115 [http-nio-8761-exec-1] INFO  c.netflix.eureka.registry.AbstractInstanceRegistry - Cancelled instance K2ASSET-SYS-MONITOR/192.168.254.1:8811 (replication=true)
2018-05-31 14:36:22.728 [http-nio-8761-exec-6] INFO  c.netflix.eureka.registry.AbstractInstanceRegistry - Registered instance K2ASSET-SYS-BASE/192.168.254.1:8810 with status DOWN (replication=false)
2018-05-31 14:36:22.728 [http-nio-8761-exec-2] INFO  c.netflix.eureka.registry.AbstractInstanceRegistry - Cancelled instance K2ASSET-SYS-BASE/192.168.254.1:8810 (replication=false)
2018-05-31 14:36:23.238 [http-nio-8761-exec-1] INFO  c.netflix.eureka.registry.AbstractInstanceRegistry - Registered instance K2ASSET-SYS-BASE/192.168.254.1:8810 with status DOWN (replication=true)
2018-05-31 14:36:23.239 [http-nio-8761-exec-1] INFO  c.netflix.eureka.registry.AbstractInstanceRegistry - Cancelled instance K2ASSET-SYS-BASE/192.168.254.1:8810 (replication=true)
2018-05-31 14:36:42.912 [Eureka-EvictionTimer] INFO  c.netflix.eureka.registry.AbstractInstanceRegistry - Running the evict task with compensationTime 0ms
2018-05-31 14:37:40.346 [http-nio-8761-exec-2] INFO  c.netflix.eureka.registry.AbstractInstanceRegistry - Registered instance K2ASSET-SYS-BASE/192.168.254.1:8810 with status UP (replication=false)
2018-05-31 14:37:40.853 [http-nio-8761-exec-6] INFO  c.netflix.eureka.registry.AbstractInstanceRegistry - Registered instance K2ASSET-SYS-BASE/192.168.254.1:8810 with status UP (replication=true)
2018-05-31 14:37:42.913 [Eureka-EvictionTimer] INFO  c.netflix.eureka.registry.AbstractInstanceRegistry - Running the evict task with compensationTime 0ms
2018-05-31 14:38:33.894 [http-nio-8761-exec-9] INFO  c.netflix.eureka.registry.AbstractInstanceRegistry - Registered instance K2ASSET-SYS-MONITOR/192.168.254.1:8811 with status UP (replication=false)
2018-05-31 14:38:34.402 [http-nio-8761-exec-2] INFO  c.netflix.eureka.registry.AbstractInstanceRegistry - Registered instance K2ASSET-SYS-MONITOR/192.168.254.1:8811 with status UP (replication=true)
2018-05-31 14:38:42.913 [Eureka-EvictionTimer] INFO  c.netflix.eureka.registry.AbstractInstanceRegistry - Running the evict task with compensationTime 0ms
2018-05-31 14:39:42.913 [Eureka-EvictionTimer] INFO  c.netflix.eureka.registry.AbstractInstanceRegistry - Running the evict task with compensationTime 0ms
2018-05-31 14:40:42.913 [Eureka-EvictionTimer] INFO  c.netflix.eureka.registry.AbstractInstanceRegistry - Running the evict task with compensationTime 0ms
2018-05-31 14:41:42.914 [Eureka-EvictionTimer] INFO  c.netflix.eureka.registry.AbstractInstanceRegistry - Running the evict task with compensationTime 0ms
2018-05-31 14:42:42.914 [Eureka-EvictionTimer] INFO  c.netflix.eureka.registry.AbstractInstanceRegistry - Running the evict task with compensationTime 0ms
2018-05-31 14:42:46.810 [http-nio-8761-exec-6] INFO  c.netflix.eureka.registry.AbstractInstanceRegistry - Registered instance K2ASSET-TURBINE/192.168.254.1:8767 with status DOWN (replication=false)
2018-05-31 14:42:46.811 [http-nio-8761-exec-8] INFO  c.netflix.eureka.registry.AbstractInstanceRegistry - Cancelled instance K2ASSET-TURBINE/192.168.254.1:8767 (replication=false)
2018-05-31 14:42:47.314 [http-nio-8761-exec-3] INFO  c.netflix.eureka.registry.AbstractInstanceRegistry - Registered instance K2ASSET-TURBINE/192.168.254.1:8767 with status DOWN (replication=true)
2018-05-31 14:42:47.314 [http-nio-8761-exec-3] INFO  c.netflix.eureka.registry.AbstractInstanceRegistry - Cancelled instance K2ASSET-TURBINE/192.168.254.1:8767 (replication=true)
2018-05-31 14:43:14.503 [http-nio-8761-exec-6] INFO  c.netflix.eureka.registry.AbstractInstanceRegistry - Registered instance K2ASSET-TURBINE/192.168.254.1:8767 with status UP (replication=false)
2018-05-31 14:43:15.006 [http-nio-8761-exec-8] INFO  c.netflix.eureka.registry.AbstractInstanceRegistry - Registered instance K2ASSET-TURBINE/192.168.254.1:8767 with status UP (replication=true)
2018-05-31 14:43:42.915 [Eureka-EvictionTimer] INFO  c.netflix.eureka.registry.AbstractInstanceRegistry - Running the evict task with compensationTime 0ms
2018-05-31 14:44:14.919 [http-nio-8761-exec-5] INFO  c.netflix.eureka.registry.AbstractInstanceRegistry - Cancelled instance K2ASSET-SYS-BASE/192.168.254.1:8810 (replication=false)
2018-05-31 14:44:14.920 [http-nio-8761-exec-3] INFO  c.netflix.eureka.registry.AbstractInstanceRegistry - Registered instance K2ASSET-SYS-BASE/192.168.254.1:8810 with status DOWN (replication=false)
2018-05-31 14:44:14.966 [http-nio-8761-exec-2] INFO  c.netflix.eureka.registry.AbstractInstanceRegistry - Cancelled instance K2ASSET-SYS-BASE/192.168.254.1:8810 (replication=true)
2018-05-31 14:44:14.966 [http-nio-8761-exec-2] INFO  c.netflix.eureka.registry.AbstractInstanceRegistry - Registered instance K2ASSET-SYS-BASE/192.168.254.1:8810 with status DOWN (replication=true)
2018-05-31 14:44:25.165 [http-nio-8761-exec-5] INFO  c.netflix.eureka.registry.AbstractInstanceRegistry - Registered instance K2ASSET-SYS-MONITOR/192.168.254.1:8811 with status DOWN (replication=false)
2018-05-31 14:44:25.165 [http-nio-8761-exec-3] INFO  c.netflix.eureka.registry.AbstractInstanceRegistry - Cancelled instance K2ASSET-SYS-MONITOR/192.168.254.1:8811 (replication=false)
2018-05-31 14:44:25.671 [http-nio-8761-exec-2] INFO  c.netflix.eureka.registry.AbstractInstanceRegistry - Registered instance K2ASSET-SYS-MONITOR/192.168.254.1:8811 with status DOWN (replication=true)
2018-05-31 14:44:25.671 [http-nio-8761-exec-2] INFO  c.netflix.eureka.registry.AbstractInstanceRegistry - Cancelled instance K2ASSET-SYS-MONITOR/192.168.254.1:8811 (replication=true)
2018-05-31 14:44:42.915 [Eureka-EvictionTimer] INFO  c.netflix.eureka.registry.AbstractInstanceRegistry - Running the evict task with compensationTime 0ms
2018-05-31 14:44:52.517 [http-nio-8761-exec-7] INFO  c.netflix.eureka.registry.AbstractInstanceRegistry - Registered instance K2ASSET-SYS-MONITOR/192.168.254.1:8811 with status UP (replication=false)
2018-05-31 14:44:52.536 [http-nio-8761-exec-6] INFO  c.netflix.eureka.registry.AbstractInstanceRegistry - Registered instance K2ASSET-SYS-MONITOR/192.168.254.1:8811 with status UP (replication=true)
2018-05-31 14:45:13.343 [http-nio-8761-exec-5] INFO  c.netflix.eureka.registry.AbstractInstanceRegistry - Registered instance K2ASSET-SYS-BASE/192.168.254.1:8810 with status UP (replication=false)
2018-05-31 14:45:13.852 [http-nio-8761-exec-9] INFO  c.netflix.eureka.registry.AbstractInstanceRegistry - Registered instance K2ASSET-SYS-BASE/192.168.254.1:8810 with status UP (replication=true)
2018-05-31 14:45:42.916 [Eureka-EvictionTimer] INFO  c.netflix.eureka.registry.AbstractInstanceRegistry - Running the evict task with compensationTime 0ms
2018-05-31 14:46:42.916 [Eureka-EvictionTimer] INFO  c.netflix.eureka.registry.AbstractInstanceRegistry - Running the evict task with compensationTime 0ms
2018-05-31 14:47:42.917 [Eureka-EvictionTimer] INFO  c.netflix.eureka.registry.AbstractInstanceRegistry - Running the evict task with compensationTime 0ms
2018-05-31 14:48:40.897 [ReplicaAwareInstanceRegistry - RenewalThresholdUpdater] INFO  c.n.eureka.registry.PeerAwareInstanceRegistryImpl - Current renewal threshold is : 11
2018-05-31 14:48:42.917 [Eureka-EvictionTimer] INFO  c.netflix.eureka.registry.AbstractInstanceRegistry - Running the evict task with compensationTime 0ms
2018-05-31 14:49:42.918 [Eureka-EvictionTimer] INFO  c.netflix.eureka.registry.AbstractInstanceRegistry - Running the evict task with compensationTime 0ms
2018-05-31 14:50:23.415 [http-nio-8761-exec-10] INFO  c.netflix.eureka.registry.AbstractInstanceRegistry - Cancelled instance K2ASSET-SYS-BASE/192.168.254.1:8810 (replication=false)
2018-05-31 14:50:23.415 [http-nio-8761-exec-6] INFO  c.netflix.eureka.registry.AbstractInstanceRegistry - Registered instance K2ASSET-SYS-BASE/192.168.254.1:8810 with status DOWN (replication=false)
2018-05-31 14:50:23.920 [http-nio-8761-exec-4] INFO  c.netflix.eureka.registry.AbstractInstanceRegistry - Cancelled instance K2ASSET-SYS-BASE/192.168.254.1:8810 (replication=true)
2018-05-31 14:50:23.920 [http-nio-8761-exec-4] INFO  c.netflix.eureka.registry.AbstractInstanceRegistry - Registered instance K2ASSET-SYS-BASE/192.168.254.1:8810 with status DOWN (replication=true)
2018-05-31 14:50:31.976 [http-nio-8761-exec-5] INFO  c.netflix.eureka.registry.AbstractInstanceRegistry - Cancelled instance K2ASSET-SYS-MONITOR/192.168.254.1:8811 (replication=false)
2018-05-31 14:50:31.976 [http-nio-8761-exec-8] INFO  c.netflix.eureka.registry.AbstractInstanceRegistry - Registered instance K2ASSET-SYS-MONITOR/192.168.254.1:8811 with status DOWN (replication=false)
2018-05-31 14:50:32.488 [http-nio-8761-exec-1] INFO  c.netflix.eureka.registry.AbstractInstanceRegistry - Cancelled instance K2ASSET-SYS-MONITOR/192.168.254.1:8811 (replication=true)
2018-05-31 14:50:32.488 [http-nio-8761-exec-1] INFO  c.netflix.eureka.registry.AbstractInstanceRegistry - Registered instance K2ASSET-SYS-MONITOR/192.168.254.1:8811 with status DOWN (replication=true)
2018-05-31 14:50:37.944 [http-nio-8761-exec-9] INFO  c.netflix.eureka.registry.AbstractInstanceRegistry - Registered instance K2ASSET-TURBINE/192.168.254.1:8767 with status DOWN (replication=false)
2018-05-31 14:50:37.944 [http-nio-8761-exec-1] INFO  c.netflix.eureka.registry.AbstractInstanceRegistry - Cancelled instance K2ASSET-TURBINE/192.168.254.1:8767 (replication=false)
2018-05-31 14:50:38.449 [http-nio-8761-exec-7] INFO  c.netflix.eureka.registry.AbstractInstanceRegistry - Registered instance K2ASSET-TURBINE/192.168.254.1:8767 with status DOWN (replication=true)
2018-05-31 14:50:38.450 [http-nio-8761-exec-7] INFO  c.netflix.eureka.registry.AbstractInstanceRegistry - Cancelled instance K2ASSET-TURBINE/192.168.254.1:8767 (replication=true)
2018-05-31 14:50:42.919 [Eureka-EvictionTimer] INFO  c.netflix.eureka.registry.AbstractInstanceRegistry - Running the evict task with compensationTime 0ms
2018-05-31 14:50:48.190 [http-nio-8761-exec-3] INFO  c.netflix.eureka.registry.AbstractInstanceRegistry - Registered instance K2ASSET-ZUUL/192.168.254.1:8770 with status DOWN (replication=false)
2018-05-31 14:50:48.190 [http-nio-8761-exec-4] INFO  c.netflix.eureka.registry.AbstractInstanceRegistry - Cancelled instance K2ASSET-ZUUL/192.168.254.1:8770 (replication=false)
2018-05-31 14:50:48.696 [http-nio-8761-exec-2] INFO  c.netflix.eureka.registry.AbstractInstanceRegistry - Registered instance K2ASSET-ZUUL/192.168.254.1:8770 with status DOWN (replication=true)
2018-05-31 14:50:48.697 [http-nio-8761-exec-2] INFO  c.netflix.eureka.registry.AbstractInstanceRegistry - Cancelled instance K2ASSET-ZUUL/192.168.254.1:8770 (replication=true)
2018-05-31 14:50:53.297 [http-nio-8761-exec-1] INFO  c.netflix.eureka.registry.AbstractInstanceRegistry - Cancelled instance K2ASSET-ZIPKIN/192.168.254.1:9411 (replication=false)
2018-05-31 14:50:53.297 [http-nio-8761-exec-9] INFO  c.netflix.eureka.registry.AbstractInstanceRegistry - Registered instance K2ASSET-ZIPKIN/192.168.254.1:9411 with status DOWN (replication=false)
2018-05-31 14:50:53.809 [http-nio-8761-exec-7] INFO  c.netflix.eureka.registry.AbstractInstanceRegistry - Cancelled instance K2ASSET-ZIPKIN/192.168.254.1:9411 (replication=true)
2018-05-31 14:50:53.809 [http-nio-8761-exec-7] INFO  c.netflix.eureka.registry.AbstractInstanceRegistry - Registered instance K2ASSET-ZIPKIN/192.168.254.1:9411 with status DOWN (replication=true)
2018-05-31 14:50:55.552 [http-nio-8761-exec-4] INFO  c.netflix.eureka.registry.AbstractInstanceRegistry - Registered instance K2ASSET-CONFIG/192.168.254.1:8765 with status DOWN (replication=false)
2018-05-31 14:50:55.553 [http-nio-8761-exec-3] INFO  c.netflix.eureka.registry.AbstractInstanceRegistry - Cancelled instance K2ASSET-CONFIG/192.168.254.1:8765 (replication=false)
2018-05-31 14:50:56.063 [http-nio-8761-exec-2] INFO  c.netflix.eureka.registry.AbstractInstanceRegistry - Registered instance K2ASSET-CONFIG/192.168.254.1:8765 with status DOWN (replication=true)
2018-05-31 14:50:56.063 [http-nio-8761-exec-2] INFO  c.netflix.eureka.registry.AbstractInstanceRegistry - Cancelled instance K2ASSET-CONFIG/192.168.254.1:8765 (replication=true)
2018-05-31 14:50:58.542 [RMI TCP Connection(2)-127.0.0.1] INFO  o.s.b.a.SpringApplicationAdminMXBeanRegistrar$SpringApplicationAdmin - Application shutdown requested.
2018-05-31 14:50:58.542 [RMI TCP Connection(2)-127.0.0.1] INFO  o.s.b.c.e.AnnotationConfigEmbeddedWebApplicationContext - Closing org.springframework.boot.context.embedded.AnnotationConfigEmbeddedWebApplicationContext@68044f4: startup date [Thu May 31 13:33:37 CST 2018]; parent: org.springframework.context.annotation.AnnotationConfigApplicationContext@10163d6
2018-05-31 14:50:58.543 [RMI TCP Connection(2)-127.0.0.1] INFO  o.s.c.n.eureka.EurekaDiscoveryClientConfiguration - Unregistering application k2asset-eureka with eureka with status DOWN
2018-05-31 14:50:58.544 [RMI TCP Connection(2)-127.0.0.1] INFO  com.netflix.discovery.DiscoveryClient - Shutting down DiscoveryClient ...
2018-05-31 14:50:58.544 [RMI TCP Connection(2)-127.0.0.1] INFO  com.netflix.discovery.DiscoveryClient - Completed shut down of DiscoveryClient
2018-05-31 14:50:58.545 [RMI TCP Connection(2)-127.0.0.1] INFO  o.s.context.support.DefaultLifecycleProcessor - Stopping beans in phase 0
2018-05-31 14:50:58.551 [RMI TCP Connection(2)-127.0.0.1] INFO  o.s.jmx.export.annotation.AnnotationMBeanExporter - Unregistering JMX-exposed beans on shutdown
2018-05-31 14:50:58.552 [RMI TCP Connection(2)-127.0.0.1] INFO  o.s.jmx.export.annotation.AnnotationMBeanExporter - Unregistering JMX-exposed beans
2018-05-31 14:50:58.554 [RMI TCP Connection(2)-127.0.0.1] INFO  com.netflix.eureka.DefaultEurekaServerContext - Shutting down ...
2018-05-31 14:50:58.558 [RMI TCP Connection(2)-127.0.0.1] INFO  com.netflix.eureka.DefaultEurekaServerContext - Shut down
2018-05-31 14:50:58.783 [RMI TCP Connection(2)-127.0.0.1] INFO  org.apache.catalina.core.StandardService - Stopping service Tomcat
2018-05-31 14:50:58.785 [localhost-startStop-2] INFO  o.a.c.core.ContainerBase.[Tomcat].[localhost].[/] - Destroying Spring FrameworkServlet 'dispatcherServlet'
2018-05-31 18:54:10.875 [main] INFO  o.s.c.a.AnnotationConfigApplicationContext - Refreshing org.springframework.context.annotation.AnnotationConfigApplicationContext@10163d6: startup date [Thu May 31 18:54:10 CST 2018]; root of context hierarchy
2018-05-31 18:54:11.046 [main] INFO  o.s.b.f.a.AutowiredAnnotationBeanPostProcessor - JSR-330 'javax.inject.Inject' annotation found and supported for autowiring
2018-05-31 18:54:11.075 [main] INFO  o.s.c.s.PostProcessorRegistrationDelegate$BeanPostProcessorChecker - Bean 'configurationPropertiesRebinderAutoConfiguration' of type [org.springframework.cloud.autoconfigure.ConfigurationPropertiesRebinderAutoConfiguration$$EnhancerBySpringCGLIB$$d5df90db] is not eligible for getting processed by all BeanPostProcessors (for example: not eligible for auto-proxying)
2018-05-31 18:54:11.736 [main] INFO  com.k2data.k2app.Application - The following profiles are active: dev
2018-05-31 18:54:11.747 [main] INFO  o.s.b.c.e.AnnotationConfigEmbeddedWebApplicationContext - Refreshing org.springframework.boot.context.embedded.AnnotationConfigEmbeddedWebApplicationContext@68044f4: startup date [Thu May 31 18:54:11 CST 2018]; parent: org.springframework.context.annotation.AnnotationConfigApplicationContext@10163d6
2018-05-31 18:54:12.499 [main] INFO  o.springframework.cloud.context.scope.GenericScope - BeanFactory id=efccfb77-bd30-3372-b8b5-a9e9e32c8319
2018-05-31 18:54:12.511 [main] INFO  o.s.b.f.a.AutowiredAnnotationBeanPostProcessor - JSR-330 'javax.inject.Inject' annotation found and supported for autowiring
2018-05-31 18:54:12.552 [main] INFO  o.s.c.s.PostProcessorRegistrationDelegate$BeanPostProcessorChecker - Bean 'org.springframework.cloud.autoconfigure.ConfigurationPropertiesRebinderAutoConfiguration' of type [org.springframework.cloud.autoconfigure.ConfigurationPropertiesRebinderAutoConfiguration$$EnhancerBySpringCGLIB$$d5df90db] is not eligible for getting processed by all BeanPostProcessors (for example: not eligible for auto-proxying)
2018-05-31 18:54:12.716 [main] INFO  o.s.b.c.e.tomcat.TomcatEmbeddedServletContainer - Tomcat initialized with port(s): 8761 (http)
2018-05-31 18:54:12.722 [main] INFO  org.apache.catalina.core.StandardService - Starting service Tomcat
2018-05-31 18:54:12.723 [main] INFO  org.apache.catalina.core.StandardEngine - Starting Servlet Engine: Apache Tomcat/8.5.14
2018-05-31 18:54:12.818 [localhost-startStop-1] INFO  o.a.c.core.ContainerBase.[Tomcat].[localhost].[/] - Initializing Spring embedded WebApplicationContext
2018-05-31 18:54:12.818 [localhost-startStop-1] INFO  org.springframework.web.context.ContextLoader - Root WebApplicationContext: initialization completed in 1071 ms
2018-05-31 18:54:13.315 [localhost-startStop-1] INFO  o.s.boot.web.servlet.FilterRegistrationBean - Mapping filter: 'metricsFilter' to: [/*]
2018-05-31 18:54:13.316 [localhost-startStop-1] INFO  o.s.boot.web.servlet.FilterRegistrationBean - Mapping filter: 'characterEncodingFilter' to: [/*]
2018-05-31 18:54:13.316 [localhost-startStop-1] INFO  o.s.boot.web.servlet.FilterRegistrationBean - Mapping filter: 'hiddenHttpMethodFilter' to: [/*]
2018-05-31 18:54:13.316 [localhost-startStop-1] INFO  o.s.boot.web.servlet.FilterRegistrationBean - Mapping filter: 'httpPutFormContentFilter' to: [/*]
2018-05-31 18:54:13.316 [localhost-startStop-1] INFO  o.s.boot.web.servlet.FilterRegistrationBean - Mapping filter: 'requestContextFilter' to: [/*]
2018-05-31 18:54:13.317 [localhost-startStop-1] INFO  o.s.b.w.s.DelegatingFilterProxyRegistrationBean - Mapping filter: 'springSecurityFilterChain' to: [/*]
2018-05-31 18:54:13.317 [localhost-startStop-1] INFO  o.s.boot.web.servlet.FilterRegistrationBean - Mapping filter: 'webRequestTraceFilter' to: [/*]
2018-05-31 18:54:13.318 [localhost-startStop-1] INFO  o.s.boot.web.servlet.FilterRegistrationBean - Mapping filter: 'servletContainer' to urls: [/eureka/*]
2018-05-31 18:54:13.318 [localhost-startStop-1] INFO  o.s.boot.web.servlet.FilterRegistrationBean - Mapping filter: 'applicationContextIdFilter' to: [/*]
2018-05-31 18:54:13.318 [localhost-startStop-1] INFO  o.s.boot.web.servlet.ServletRegistrationBean - Mapping servlet: 'dispatcherServlet' to [/]
2018-05-31 18:54:13.370 [localhost-startStop-1] INFO  c.s.j.server.impl.application.WebApplicationImpl - Initiating Jersey application, version 'Jersey: 1.19.1 03/11/2016 02:08 PM'
2018-05-31 18:54:13.423 [localhost-startStop-1] INFO  c.n.discovery.provider.DiscoveryJerseyProvider - Using JSON encoding codec LegacyJacksonJson
2018-05-31 18:54:13.424 [localhost-startStop-1] INFO  c.n.discovery.provider.DiscoveryJerseyProvider - Using JSON decoding codec LegacyJacksonJson
2018-05-31 18:54:13.485 [localhost-startStop-1] INFO  c.n.discovery.provider.DiscoveryJerseyProvider - Using XML encoding codec XStreamXml
2018-05-31 18:54:13.486 [localhost-startStop-1] INFO  c.n.discovery.provider.DiscoveryJerseyProvider - Using XML decoding codec XStreamXml
2018-05-31 18:54:14.207 [main] INFO  o.s.cloud.netflix.eureka.InstanceInfoFactory - Setting initial instance status as: STARTING
2018-05-31 18:54:14.294 [main] INFO  com.netflix.discovery.DiscoveryClient - Client configured to neither register nor query for data.
2018-05-31 18:54:14.298 [main] INFO  com.netflix.discovery.DiscoveryClient - Discovery Client initialized at timestamp 1527764054298 with initial instances count: 0
2018-05-31 18:54:14.343 [main] INFO  com.netflix.eureka.DefaultEurekaServerContext - Initializing ...
2018-05-31 18:54:14.344 [main] INFO  com.netflix.eureka.cluster.PeerEurekaNodes - Adding new peer nodes [http://k2data:k2asset885976@localhost:8761/eureka/]
2018-05-31 18:54:14.686 [main] INFO  c.n.discovery.provider.DiscoveryJerseyProvider - Using JSON encoding codec LegacyJacksonJson
2018-05-31 18:54:14.686 [main] INFO  c.n.discovery.provider.DiscoveryJerseyProvider - Using JSON decoding codec LegacyJacksonJson
2018-05-31 18:54:14.686 [main] INFO  c.n.discovery.provider.DiscoveryJerseyProvider - Using XML encoding codec XStreamXml
2018-05-31 18:54:14.686 [main] INFO  c.n.discovery.provider.DiscoveryJerseyProvider - Using XML decoding codec XStreamXml
2018-05-31 18:54:14.756 [main] INFO  com.netflix.eureka.cluster.PeerEurekaNodes - Replica node URL:  http://k2data:k2asset885976@localhost:8761/eureka/
2018-05-31 18:54:14.761 [main] INFO  c.netflix.eureka.registry.AbstractInstanceRegistry - Finished initializing remote region registries. All known remote regions: []
2018-05-31 18:54:14.762 [main] INFO  com.netflix.eureka.DefaultEurekaServerContext - Initialized
2018-05-31 18:54:15.296 [main] INFO  o.a.c.core.ContainerBase.[Tomcat].[localhost].[/] - jolokia: No access restrictor found, access to any MBean is allowed
2018-05-31 18:54:15.428 [main] INFO  o.s.w.s.m.m.a.RequestMappingHandlerAdapter - Looking for @ControllerAdvice: org.springframework.boot.context.embedded.AnnotationConfigEmbeddedWebApplicationContext@68044f4: startup date [Thu May 31 18:54:11 CST 2018]; parent: org.springframework.context.annotation.AnnotationConfigApplicationContext@10163d6
2018-05-31 18:54:15.493 [main] INFO  o.s.w.s.m.m.a.RequestMappingHandlerMapping - Mapped "{[/],methods=[GET]}" onto public java.lang.String org.springframework.cloud.netflix.eureka.server.EurekaController.status(javax.servlet.http.HttpServletRequest,java.util.Map<java.lang.String, java.lang.Object>)
2018-05-31 18:54:15.495 [main] INFO  o.s.w.s.m.m.a.RequestMappingHandlerMapping - Mapped "{[/lastn],methods=[GET]}" onto public java.lang.String org.springframework.cloud.netflix.eureka.server.EurekaController.lastn(javax.servlet.http.HttpServletRequest,java.util.Map<java.lang.String, java.lang.Object>)
2018-05-31 18:54:15.497 [main] INFO  o.s.w.s.m.m.a.RequestMappingHandlerMapping - Mapped "{[/error]}" onto public org.springframework.http.ResponseEntity<java.util.Map<java.lang.String, java.lang.Object>> org.springframework.boot.autoconfigure.web.BasicErrorController.error(javax.servlet.http.HttpServletRequest)
2018-05-31 18:54:15.497 [main] INFO  o.s.w.s.m.m.a.RequestMappingHandlerMapping - Mapped "{[/error],produces=[text/html]}" onto public org.springframework.web.servlet.ModelAndView org.springframework.boot.autoconfigure.web.BasicErrorController.errorHtml(javax.servlet.http.HttpServletRequest,javax.servlet.http.HttpServletResponse)
2018-05-31 18:54:15.522 [main] INFO  o.s.web.servlet.handler.SimpleUrlHandlerMapping - Mapped URL path [/webjars/**] onto handler of type [class org.springframework.web.servlet.resource.ResourceHttpRequestHandler]
2018-05-31 18:54:15.522 [main] INFO  o.s.web.servlet.handler.SimpleUrlHandlerMapping - Mapped URL path [/**] onto handler of type [class org.springframework.web.servlet.resource.ResourceHttpRequestHandler]
2018-05-31 18:54:15.552 [main] INFO  o.s.web.servlet.handler.SimpleUrlHandlerMapping - Mapped URL path [/**/favicon.ico] onto handler of type [class org.springframework.web.servlet.resource.ResourceHttpRequestHandler]
2018-05-31 18:54:15.833 [main] INFO  o.s.security.web.DefaultSecurityFilterChain - Creating filter chain: OrRequestMatcher [requestMatchers=[Ant [pattern='/css/**'], Ant [pattern='/js/**'], Ant [pattern='/images/**'], Ant [pattern='/webjars/**'], Ant [pattern='/**/favicon.ico'], Ant [pattern='/error']]], []
2018-05-31 18:54:15.905 [main] INFO  o.s.security.web.DefaultSecurityFilterChain - Creating filter chain: org.springframework.boot.actuate.autoconfigure.ManagementWebSecurityAutoConfiguration$LazyEndpointPathRequestMatcher@6b357eb6, [org.springframework.security.web.context.request.async.WebAsyncManagerIntegrationFilter@64bebd55, org.springframework.security.web.context.SecurityContextPersistenceFilter@2a47597, org.springframework.security.web.header.HeaderWriterFilter@58324c9f, org.springframework.security.web.authentication.logout.LogoutFilter@61ff6a49, org.springframework.security.web.authentication.www.BasicAuthenticationFilter@1e1232cf, org.springframework.security.web.savedrequest.RequestCacheAwareFilter@5ff6dd3c, org.springframework.security.web.servletapi.SecurityContextHolderAwareRequestFilter@73894c5a, org.springframework.security.web.authentication.AnonymousAuthenticationFilter@7c1a8f0f, org.springframework.security.web.session.SessionManagementFilter@d13baac, org.springframework.security.web.access.ExceptionTranslationFilter@79980d8d, org.springframework.security.web.access.intercept.FilterSecurityInterceptor@40d52be7]
2018-05-31 18:54:15.907 [main] INFO  o.s.security.web.DefaultSecurityFilterChain - Creating filter chain: OrRequestMatcher [requestMatchers=[Ant [pattern='/**']]], [org.springframework.security.web.context.request.async.WebAsyncManagerIntegrationFilter@5d318e91, org.springframework.security.web.context.SecurityContextPersistenceFilter@6588b715, org.springframework.security.web.header.HeaderWriterFilter@72443081, org.springframework.security.web.authentication.logout.LogoutFilter@17207f5b, org.springframework.security.web.authentication.www.BasicAuthenticationFilter@373052b5, org.springframework.security.web.savedrequest.RequestCacheAwareFilter@15a3b42, org.springframework.security.web.servletapi.SecurityContextHolderAwareRequestFilter@52c9d3d0, org.springframework.security.web.authentication.AnonymousAuthenticationFilter@298b64f7, org.springframework.security.web.session.SessionManagementFilter@33feda48, org.springframework.security.web.access.ExceptionTranslationFilter@45843650, org.springframework.security.web.access.intercept.FilterSecurityInterceptor@1eb9a3ef]
2018-05-31 18:54:16.189 [main] INFO  o.s.b.actuate.endpoint.mvc.EndpointHandlerMapping - Mapped "{[/restart || /restart.json],methods=[POST]}" onto public java.lang.Object org.springframework.cloud.context.restart.RestartMvcEndpoint.invoke()
2018-05-31 18:54:16.190 [main] INFO  o.s.b.actuate.endpoint.mvc.EndpointHandlerMapping - Mapped "{[/pause || /pause.json],methods=[POST]}" onto public java.lang.Object org.springframework.cloud.endpoint.GenericPostableMvcEndpoint.invoke()
2018-05-31 18:54:16.190 [main] INFO  o.s.b.actuate.endpoint.mvc.EndpointHandlerMapping - Mapped "{[/refresh || /refresh.json],methods=[POST]}" onto public java.lang.Object org.springframework.cloud.endpoint.GenericPostableMvcEndpoint.invoke()
2018-05-31 18:54:16.191 [main] INFO  o.s.b.actuate.endpoint.mvc.EndpointHandlerMapping - Mapped "{[/archaius || /archaius.json],methods=[GET],produces=[application/vnd.spring-boot.actuator.v1+json || application/json]}" onto public java.lang.Object org.springframework.boot.actuate.endpoint.mvc.EndpointMvcAdapter.invoke()
2018-05-31 18:54:16.191 [main] INFO  o.s.b.actuate.endpoint.mvc.EndpointHandlerMapping - Mapped "{[/dump || /dump.json],methods=[GET],produces=[application/vnd.spring-boot.actuator.v1+json || application/json]}" onto public java.lang.Object org.springframework.boot.actuate.endpoint.mvc.EndpointMvcAdapter.invoke()
2018-05-31 18:54:16.191 [main] INFO  o.s.b.actuate.endpoint.mvc.EndpointHandlerMapping - Mapped "{[/features || /features.json],methods=[GET],produces=[application/vnd.spring-boot.actuator.v1+json || application/json]}" onto public java.lang.Object org.springframework.boot.actuate.endpoint.mvc.EndpointMvcAdapter.invoke()
2018-05-31 18:54:16.192 [main] INFO  o.s.b.actuate.endpoint.mvc.EndpointHandlerMapping - Mapped "{[/env],methods=[POST]}" onto public java.lang.Object org.springframework.cloud.context.environment.EnvironmentManagerMvcEndpoint.value(java.util.Map<java.lang.String, java.lang.String>)
2018-05-31 18:54:16.192 [main] INFO  o.s.b.actuate.endpoint.mvc.EndpointHandlerMapping - Mapped "{[/env/reset],methods=[POST]}" onto public java.util.Map<java.lang.String, java.lang.Object> org.springframework.cloud.context.environment.EnvironmentManagerMvcEndpoint.reset()
2018-05-31 18:54:16.193 [main] INFO  o.s.b.actuate.endpoint.mvc.EndpointHandlerMapping - Mapped "{[/heapdump || /heapdump.json],methods=[GET],produces=[application/octet-stream]}" onto public void org.springframework.boot.actuate.endpoint.mvc.HeapdumpMvcEndpoint.invoke(boolean,javax.servlet.http.HttpServletRequest,javax.servlet.http.HttpServletResponse) throws java.io.IOException,javax.servlet.ServletException
2018-05-31 18:54:16.193 [main] INFO  o.s.b.actuate.endpoint.mvc.EndpointHandlerMapping - Mapped "{[/resume || /resume.json],methods=[POST]}" onto public java.lang.Object org.springframework.cloud.endpoint.GenericPostableMvcEndpoint.invoke()
2018-05-31 18:54:16.194 [main] INFO  o.s.b.actuate.endpoint.mvc.EndpointHandlerMapping - Mapped "{[/health || /health.json],methods=[GET],produces=[application/vnd.spring-boot.actuator.v1+json || application/json]}" onto public java.lang.Object org.springframework.boot.actuate.endpoint.mvc.HealthMvcEndpoint.invoke(javax.servlet.http.HttpServletRequest,java.security.Principal)
2018-05-31 18:54:16.195 [main] INFO  o.s.b.actuate.endpoint.mvc.EndpointHandlerMapping - Mapped "{[/env/{name:.*}],methods=[GET],produces=[application/vnd.spring-boot.actuator.v1+json || application/json]}" onto public java.lang.Object org.springframework.boot.actuate.endpoint.mvc.EnvironmentMvcEndpoint.value(java.lang.String)
2018-05-31 18:54:16.195 [main] INFO  o.s.b.actuate.endpoint.mvc.EndpointHandlerMapping - Mapped "{[/env || /env.json],methods=[GET],produces=[application/vnd.spring-boot.actuator.v1+json || application/json]}" onto public java.lang.Object org.springframework.boot.actuate.endpoint.mvc.EndpointMvcAdapter.invoke()
2018-05-31 18:54:16.196 [main] INFO  o.s.b.actuate.endpoint.mvc.EndpointHandlerMapping - Mapped "{[/beans || /beans.json],methods=[GET],produces=[application/vnd.spring-boot.actuator.v1+json || application/json]}" onto public java.lang.Object org.springframework.boot.actuate.endpoint.mvc.EndpointMvcAdapter.invoke()
2018-05-31 18:54:16.196 [main] INFO  o.s.b.actuate.endpoint.mvc.EndpointHandlerMapping - Mapped "{[/trace || /trace.json],methods=[GET],produces=[application/vnd.spring-boot.actuator.v1+json || application/json]}" onto public java.lang.Object org.springframework.boot.actuate.endpoint.mvc.EndpointMvcAdapter.invoke()
2018-05-31 18:54:16.197 [main] INFO  o.s.b.actuate.endpoint.mvc.EndpointHandlerMapping - Mapped "{[/mappings || /mappings.json],methods=[GET],produces=[application/vnd.spring-boot.actuator.v1+json || application/json]}" onto public java.lang.Object org.springframework.boot.actuate.endpoint.mvc.EndpointMvcAdapter.invoke()
2018-05-31 18:54:16.197 [main] INFO  o.s.b.actuate.endpoint.mvc.EndpointHandlerMapping - Mapped "{[/metrics/{name:.*}],methods=[GET],produces=[application/vnd.spring-boot.actuator.v1+json || application/json]}" onto public java.lang.Object org.springframework.boot.actuate.endpoint.mvc.MetricsMvcEndpoint.value(java.lang.String)
2018-05-31 18:54:16.198 [main] INFO  o.s.b.actuate.endpoint.mvc.EndpointHandlerMapping - Mapped "{[/metrics || /metrics.json],methods=[GET],produces=[application/vnd.spring-boot.actuator.v1+json || application/json]}" onto public java.lang.Object org.springframework.boot.actuate.endpoint.mvc.EndpointMvcAdapter.invoke()
2018-05-31 18:54:16.198 [main] INFO  o.s.b.actuate.endpoint.mvc.EndpointHandlerMapping - Mapped "{[/configprops || /configprops.json],methods=[GET],produces=[application/vnd.spring-boot.actuator.v1+json || application/json]}" onto public java.lang.Object org.springframework.boot.actuate.endpoint.mvc.EndpointMvcAdapter.invoke()
2018-05-31 18:54:16.199 [main] INFO  o.s.b.actuate.endpoint.mvc.EndpointHandlerMapping - Mapped "{[/autoconfig || /autoconfig.json],methods=[GET],produces=[application/vnd.spring-boot.actuator.v1+json || application/json]}" onto public java.lang.Object org.springframework.boot.actuate.endpoint.mvc.EndpointMvcAdapter.invoke()
2018-05-31 18:54:16.199 [main] INFO  o.s.b.actuate.endpoint.mvc.EndpointHandlerMapping - Mapped "{[/info || /info.json],methods=[GET],produces=[application/vnd.spring-boot.actuator.v1+json || application/json]}" onto public java.lang.Object org.springframework.boot.actuate.endpoint.mvc.EndpointMvcAdapter.invoke()
2018-05-31 18:54:16.200 [main] INFO  o.s.b.actuate.endpoint.mvc.EndpointHandlerMapping - Mapped "{[/auditevents || /auditevents.json],methods=[GET],produces=[application/vnd.spring-boot.actuator.v1+json || application/json]}" onto public org.springframework.http.ResponseEntity<?> org.springframework.boot.actuate.endpoint.mvc.AuditEventsMvcEndpoint.findByPrincipalAndAfterAndType(java.lang.String,java.util.Date,java.lang.String)
2018-05-31 18:54:16.201 [main] INFO  o.s.b.actuate.endpoint.mvc.EndpointHandlerMapping - Mapped "{[/loggers/{name:.*}],methods=[GET],produces=[application/vnd.spring-boot.actuator.v1+json || application/json]}" onto public java.lang.Object org.springframework.boot.actuate.endpoint.mvc.LoggersMvcEndpoint.get(java.lang.String)
2018-05-31 18:54:16.201 [main] INFO  o.s.b.actuate.endpoint.mvc.EndpointHandlerMapping - Mapped "{[/loggers/{name:.*}],methods=[POST],consumes=[application/vnd.spring-boot.actuator.v1+json || application/json],produces=[application/vnd.spring-boot.actuator.v1+json || application/json]}" onto public java.lang.Object org.springframework.boot.actuate.endpoint.mvc.LoggersMvcEndpoint.set(java.lang.String,java.util.Map<java.lang.String, java.lang.String>)
2018-05-31 18:54:16.201 [main] INFO  o.s.b.actuate.endpoint.mvc.EndpointHandlerMapping - Mapped "{[/loggers || /loggers.json],methods=[GET],produces=[application/vnd.spring-boot.actuator.v1+json || application/json]}" onto public java.lang.Object org.springframework.boot.actuate.endpoint.mvc.EndpointMvcAdapter.invoke()
2018-05-31 18:54:16.201 [main] INFO  o.s.b.actuate.endpoint.mvc.EndpointHandlerMapping - Mapped "{[/jolokia/**]}" onto public org.springframework.web.servlet.ModelAndView org.springframework.boot.actuate.endpoint.mvc.JolokiaMvcEndpoint.handle(javax.servlet.http.HttpServletRequest,javax.servlet.http.HttpServletResponse) throws java.lang.Exception
2018-05-31 18:54:16.272 [main] INFO  o.s.ui.freemarker.SpringTemplateLoader - SpringTemplateLoader for FreeMarker: using resource loader [org.springframework.boot.context.embedded.AnnotationConfigEmbeddedWebApplicationContext@68044f4: startup date [Thu May 31 18:54:11 CST 2018]; parent: org.springframework.context.annotation.AnnotationConfigApplicationContext@10163d6] and template loader path [classpath:/templates/]
2018-05-31 18:54:16.273 [main] INFO  o.s.w.servlet.view.freemarker.FreeMarkerConfigurer - ClassTemplateLoader for Spring macros added to FreeMarker configuration
2018-05-31 18:54:16.345 [main] WARN  com.netflix.config.sources.URLConfigurationSource - No URLs will be polled as dynamic configuration sources.
2018-05-31 18:54:16.345 [main] INFO  com.netflix.config.sources.URLConfigurationSource - To enable URLs as dynamic configuration sources, define System property archaius.configurationSource.additionalUrls or make config.properties available on classpath.
2018-05-31 18:54:16.348 [main] WARN  com.netflix.config.sources.URLConfigurationSource - No URLs will be polled as dynamic configuration sources.
2018-05-31 18:54:16.348 [main] INFO  com.netflix.config.sources.URLConfigurationSource - To enable URLs as dynamic configuration sources, define System property archaius.configurationSource.additionalUrls or make config.properties available on classpath.
2018-05-31 18:54:16.407 [main] INFO  o.s.jmx.export.annotation.AnnotationMBeanExporter - Registering beans for JMX exposure on startup
2018-05-31 18:54:16.414 [main] INFO  o.s.jmx.export.annotation.AnnotationMBeanExporter - Bean with name 'environmentManager' has been autodetected for JMX exposure
2018-05-31 18:54:16.417 [main] INFO  o.s.jmx.export.annotation.AnnotationMBeanExporter - Bean with name 'configurationPropertiesRebinder' has been autodetected for JMX exposure
2018-05-31 18:54:16.417 [main] INFO  o.s.jmx.export.annotation.AnnotationMBeanExporter - Bean with name 'refreshEndpoint' has been autodetected for JMX exposure
2018-05-31 18:54:16.418 [main] INFO  o.s.jmx.export.annotation.AnnotationMBeanExporter - Bean with name 'restartEndpoint' has been autodetected for JMX exposure
2018-05-31 18:54:16.418 [main] INFO  o.s.jmx.export.annotation.AnnotationMBeanExporter - Bean with name 'refreshScope' has been autodetected for JMX exposure
2018-05-31 18:54:16.420 [main] INFO  o.s.jmx.export.annotation.AnnotationMBeanExporter - Located managed bean 'environmentManager': registering with JMX server as MBean [org.springframework.cloud.context.environment:name=environmentManager,type=EnvironmentManager]
2018-05-31 18:54:16.429 [main] INFO  o.s.jmx.export.annotation.AnnotationMBeanExporter - Located managed bean 'restartEndpoint': registering with JMX server as MBean [org.springframework.cloud.context.restart:name=restartEndpoint,type=RestartEndpoint]
2018-05-31 18:54:16.437 [main] INFO  o.s.jmx.export.annotation.AnnotationMBeanExporter - Located managed bean 'refreshScope': registering with JMX server as MBean [org.springframework.cloud.context.scope.refresh:name=refreshScope,type=RefreshScope]
2018-05-31 18:54:16.443 [main] INFO  o.s.jmx.export.annotation.AnnotationMBeanExporter - Located managed bean 'configurationPropertiesRebinder': registering with JMX server as MBean [org.springframework.cloud.context.properties:name=configurationPropertiesRebinder,context=68044f4,type=ConfigurationPropertiesRebinder]
2018-05-31 18:54:16.448 [main] INFO  o.s.jmx.export.annotation.AnnotationMBeanExporter - Located managed bean 'refreshEndpoint': registering with JMX server as MBean [org.springframework.cloud.endpoint:name=refreshEndpoint,type=RefreshEndpoint]
2018-05-31 18:54:16.813 [main] INFO  o.a.c.core.ContainerBase.[Tomcat].[localhost].[/] - jolokia: No access restrictor found, access to any MBean is allowed
2018-05-31 18:54:16.816 [main] INFO  o.a.c.core.ContainerBase.[Tomcat].[localhost].[/] - jolokia: jolokia:type=Config is already registered. Adding it with jolokia:type=Config,uuid=b38741a6-8f9b-4d7e-99f8-d6b2fb52c6f1, but you should revise your setup in order to either use a qualifier or ensure, that only a single agent gets registered (otherwise history functionality might not work)
2018-05-31 18:54:16.817 [main] INFO  o.a.c.core.ContainerBase.[Tomcat].[localhost].[/] - jolokia: Cannot register (legacy) MBean handler for config store with name jmx4perl:type=Config since it already exists. This is the case if another agent has been already started within the same JVM. The registration is skipped.
2018-05-31 18:54:16.817 [main] INFO  o.a.c.core.ContainerBase.[Tomcat].[localhost].[/] - jolokia: Jolokia Discovery MBean registration is skipped because there is already one registered.
2018-05-31 18:54:16.863 [main] INFO  o.s.context.support.DefaultLifecycleProcessor - Starting beans in phase 0
2018-05-31 18:54:16.863 [main] INFO  o.s.c.n.eureka.EurekaDiscoveryClientConfiguration - Registering application k2asset-eureka with eureka with status UP
2018-05-31 18:54:16.863 [Thread-11] INFO  o.s.c.netflix.eureka.server.EurekaServerBootstrap - Setting the eureka configuration..
2018-05-31 18:54:16.864 [Thread-11] INFO  o.s.c.netflix.eureka.server.EurekaServerBootstrap - Eureka data center value eureka.datacenter is not set, defaulting to default
2018-05-31 18:54:16.864 [Thread-11] INFO  o.s.c.netflix.eureka.server.EurekaServerBootstrap - Eureka environment value eureka.environment is not set, defaulting to test
2018-05-31 18:54:16.871 [Thread-11] INFO  o.s.c.netflix.eureka.server.EurekaServerBootstrap - isAws returned false
2018-05-31 18:54:16.871 [Thread-11] INFO  o.s.c.netflix.eureka.server.EurekaServerBootstrap - Initialized server context
2018-05-31 18:54:16.871 [Thread-11] INFO  c.n.eureka.registry.PeerAwareInstanceRegistryImpl - Got 1 instances from neighboring DS node
2018-05-31 18:54:16.871 [Thread-11] INFO  c.n.eureka.registry.PeerAwareInstanceRegistryImpl - Renew threshold is: 1
2018-05-31 18:54:16.871 [Thread-11] INFO  c.n.eureka.registry.PeerAwareInstanceRegistryImpl - Changing status to UP
2018-05-31 18:54:16.876 [Thread-11] INFO  o.s.c.n.e.s.EurekaServerInitializerConfiguration - Started Eureka Server
2018-05-31 18:54:16.935 [main] INFO  o.s.b.c.e.tomcat.TomcatEmbeddedServletContainer - Tomcat started on port(s): 8761 (http)
2018-05-31 18:54:16.935 [main] INFO  o.s.c.n.eureka.EurekaDiscoveryClientConfiguration - Updating port to 8761
2018-05-31 18:54:16.938 [main] INFO  com.k2data.k2app.Application - Started Application in 6.882 seconds (JVM running for 7.755)
2018-05-31 18:54:17.098 [http-nio-8761-exec-3] INFO  o.a.c.core.ContainerBase.[Tomcat].[localhost].[/] - Initializing Spring FrameworkServlet 'dispatcherServlet'
2018-05-31 18:54:17.098 [http-nio-8761-exec-3] INFO  org.springframework.web.servlet.DispatcherServlet - FrameworkServlet 'dispatcherServlet': initialization started
2018-05-31 18:54:17.115 [http-nio-8761-exec-3] INFO  org.springframework.web.servlet.DispatcherServlet - FrameworkServlet 'dispatcherServlet': initialization completed in 16 ms
2018-05-31 18:55:11.574 [http-nio-8761-exec-7] INFO  c.netflix.eureka.registry.AbstractInstanceRegistry - Registered instance K2ASSET-CONFIG/192.168.254.1:8765 with status UP (replication=false)
2018-05-31 18:55:12.174 [http-nio-8761-exec-8] INFO  c.netflix.eureka.registry.AbstractInstanceRegistry - Registered instance K2ASSET-CONFIG/192.168.254.1:8765 with status UP (replication=true)
2018-05-31 18:55:16.873 [Eureka-EvictionTimer] INFO  c.netflix.eureka.registry.AbstractInstanceRegistry - Running the evict task with compensationTime 0ms
2018-05-31 18:56:16.873 [Eureka-EvictionTimer] INFO  c.netflix.eureka.registry.AbstractInstanceRegistry - Running the evict task with compensationTime 0ms
2018-05-31 18:57:16.874 [Eureka-EvictionTimer] INFO  c.netflix.eureka.registry.AbstractInstanceRegistry - Running the evict task with compensationTime 0ms
2018-05-31 18:58:16.874 [Eureka-EvictionTimer] INFO  c.netflix.eureka.registry.AbstractInstanceRegistry - Running the evict task with compensationTime 0ms
2018-05-31 18:59:16.875 [Eureka-EvictionTimer] INFO  c.netflix.eureka.registry.AbstractInstanceRegistry - Running the evict task with compensationTime 0ms
2018-05-31 19:00:16.876 [Eureka-EvictionTimer] INFO  c.netflix.eureka.registry.AbstractInstanceRegistry - Running the evict task with compensationTime 0ms
2018-05-31 19:01:16.876 [Eureka-EvictionTimer] INFO  c.netflix.eureka.registry.AbstractInstanceRegistry - Running the evict task with compensationTime 0ms
2018-05-31 19:02:16.876 [Eureka-EvictionTimer] INFO  c.netflix.eureka.registry.AbstractInstanceRegistry - Running the evict task with compensationTime 0ms
2018-05-31 19:03:16.876 [Eureka-EvictionTimer] INFO  c.netflix.eureka.registry.AbstractInstanceRegistry - Running the evict task with compensationTime 0ms
2018-05-31 19:04:16.877 [Eureka-EvictionTimer] INFO  c.netflix.eureka.registry.AbstractInstanceRegistry - Running the evict task with compensationTime 0ms
2018-05-31 19:05:16.877 [Eureka-EvictionTimer] INFO  c.netflix.eureka.registry.AbstractInstanceRegistry - Running the evict task with compensationTime 0ms
2018-05-31 19:06:16.877 [Eureka-EvictionTimer] INFO  c.netflix.eureka.registry.AbstractInstanceRegistry - Running the evict task with compensationTime 0ms
2018-05-31 19:07:16.878 [Eureka-EvictionTimer] INFO  c.netflix.eureka.registry.AbstractInstanceRegistry - Running the evict task with compensationTime 0ms
2018-05-31 19:08:16.879 [Eureka-EvictionTimer] INFO  c.netflix.eureka.registry.AbstractInstanceRegistry - Running the evict task with compensationTime 0ms
2018-05-31 19:09:14.761 [ReplicaAwareInstanceRegistry - RenewalThresholdUpdater] INFO  c.n.eureka.registry.PeerAwareInstanceRegistryImpl - Current renewal threshold is : 3
2018-05-31 19:09:16.880 [Eureka-EvictionTimer] INFO  c.netflix.eureka.registry.AbstractInstanceRegistry - Running the evict task with compensationTime 0ms
2018-05-31 19:10:16.881 [Eureka-EvictionTimer] INFO  c.netflix.eureka.registry.AbstractInstanceRegistry - Running the evict task with compensationTime 0ms
2018-05-31 19:11:16.881 [Eureka-EvictionTimer] INFO  c.netflix.eureka.registry.AbstractInstanceRegistry - Running the evict task with compensationTime 0ms
2018-05-31 19:12:16.881 [Eureka-EvictionTimer] INFO  c.netflix.eureka.registry.AbstractInstanceRegistry - Running the evict task with compensationTime 0ms
2018-05-31 19:13:16.881 [Eureka-EvictionTimer] INFO  c.netflix.eureka.registry.AbstractInstanceRegistry - Running the evict task with compensationTime 0ms
2018-05-31 19:14:16.881 [Eureka-EvictionTimer] INFO  c.netflix.eureka.registry.AbstractInstanceRegistry - Running the evict task with compensationTime 0ms
2018-05-31 19:15:16.881 [Eureka-EvictionTimer] INFO  c.netflix.eureka.registry.AbstractInstanceRegistry - Running the evict task with compensationTime 0ms
2018-05-31 19:16:16.882 [Eureka-EvictionTimer] INFO  c.netflix.eureka.registry.AbstractInstanceRegistry - Running the evict task with compensationTime 0ms
2018-05-31 19:17:16.883 [Eureka-EvictionTimer] INFO  c.netflix.eureka.registry.AbstractInstanceRegistry - Running the evict task with compensationTime 0ms
2018-05-31 19:18:16.883 [Eureka-EvictionTimer] INFO  c.netflix.eureka.registry.AbstractInstanceRegistry - Running the evict task with compensationTime 0ms
2018-05-31 19:19:16.884 [Eureka-EvictionTimer] INFO  c.netflix.eureka.registry.AbstractInstanceRegistry - Running the evict task with compensationTime 0ms
2018-05-31 19:20:16.885 [Eureka-EvictionTimer] INFO  c.netflix.eureka.registry.AbstractInstanceRegistry - Running the evict task with compensationTime 0ms
2018-05-31 19:21:16.885 [Eureka-EvictionTimer] INFO  c.netflix.eureka.registry.AbstractInstanceRegistry - Running the evict task with compensationTime 0ms
2018-05-31 19:22:16.886 [Eureka-EvictionTimer] INFO  c.netflix.eureka.registry.AbstractInstanceRegistry - Running the evict task with compensationTime 0ms
2018-05-31 19:23:16.886 [Eureka-EvictionTimer] INFO  c.netflix.eureka.registry.AbstractInstanceRegistry - Running the evict task with compensationTime 0ms
2018-05-31 19:24:14.762 [ReplicaAwareInstanceRegistry - RenewalThresholdUpdater] INFO  c.n.eureka.registry.PeerAwareInstanceRegistryImpl - Current renewal threshold is : 3
2018-05-31 19:24:16.887 [Eureka-EvictionTimer] INFO  c.netflix.eureka.registry.AbstractInstanceRegistry - Running the evict task with compensationTime 0ms
2018-05-31 19:24:43.666 [http-nio-8761-exec-4] INFO  c.netflix.eureka.registry.AbstractInstanceRegistry - Registered instance K2ASSET-ADMIN-SERVER/192.168.254.1:8763 with status UP (replication=false)
2018-05-31 19:24:44.171 [http-nio-8761-exec-5] INFO  c.netflix.eureka.registry.AbstractInstanceRegistry - Registered instance K2ASSET-ADMIN-SERVER/192.168.254.1:8763 with status UP (replication=true)
2018-05-31 19:25:16.887 [Eureka-EvictionTimer] INFO  c.netflix.eureka.registry.AbstractInstanceRegistry - Running the evict task with compensationTime 0ms
2018-05-31 19:25:51.697 [http-nio-8761-exec-1] INFO  c.netflix.eureka.registry.AbstractInstanceRegistry - Registered instance K2ASSET-ADMIN-SERVER/192.168.254.1:8763 with status DOWN (replication=false)
2018-05-31 19:25:51.698 [http-nio-8761-exec-4] INFO  c.netflix.eureka.registry.AbstractInstanceRegistry - Cancelled instance K2ASSET-ADMIN-SERVER/192.168.254.1:8763 (replication=false)
2018-05-31 19:25:52.212 [http-nio-8761-exec-2] INFO  c.netflix.eureka.registry.AbstractInstanceRegistry - Registered instance K2ASSET-ADMIN-SERVER/192.168.254.1:8763 with status DOWN (replication=true)
2018-05-31 19:25:52.214 [http-nio-8761-exec-2] INFO  c.netflix.eureka.registry.AbstractInstanceRegistry - Cancelled instance K2ASSET-ADMIN-SERVER/192.168.254.1:8763 (replication=true)
2018-05-31 19:25:54.531 [http-nio-8761-exec-7] INFO  c.netflix.eureka.registry.AbstractInstanceRegistry - Registered instance K2ASSET-CONFIG/192.168.254.1:8765 with status DOWN (replication=false)
2018-05-31 19:25:54.531 [http-nio-8761-exec-8] INFO  c.netflix.eureka.registry.AbstractInstanceRegistry - Cancelled instance K2ASSET-CONFIG/192.168.254.1:8765 (replication=false)
2018-05-31 19:25:55.044 [http-nio-8761-exec-3] INFO  c.netflix.eureka.registry.AbstractInstanceRegistry - Registered instance K2ASSET-CONFIG/192.168.254.1:8765 with status DOWN (replication=true)
2018-05-31 19:25:55.044 [http-nio-8761-exec-3] INFO  c.netflix.eureka.registry.AbstractInstanceRegistry - Cancelled instance K2ASSET-CONFIG/192.168.254.1:8765 (replication=true)
2018-05-31 19:25:57.012 [RMI TCP Connection(2)-127.0.0.1] INFO  o.s.b.a.SpringApplicationAdminMXBeanRegistrar$SpringApplicationAdmin - Application shutdown requested.
2018-05-31 19:25:57.013 [RMI TCP Connection(2)-127.0.0.1] INFO  o.s.b.c.e.AnnotationConfigEmbeddedWebApplicationContext - Closing org.springframework.boot.context.embedded.AnnotationConfigEmbeddedWebApplicationContext@68044f4: startup date [Thu May 31 18:54:11 CST 2018]; parent: org.springframework.context.annotation.AnnotationConfigApplicationContext@10163d6
2018-05-31 19:25:57.013 [RMI TCP Connection(2)-127.0.0.1] INFO  o.s.c.n.eureka.EurekaDiscoveryClientConfiguration - Unregistering application k2asset-eureka with eureka with status DOWN
2018-05-31 19:25:57.013 [RMI TCP Connection(2)-127.0.0.1] INFO  com.netflix.discovery.DiscoveryClient - Shutting down DiscoveryClient ...
2018-05-31 19:25:57.014 [RMI TCP Connection(2)-127.0.0.1] INFO  com.netflix.discovery.DiscoveryClient - Completed shut down of DiscoveryClient
2018-05-31 19:25:57.015 [RMI TCP Connection(2)-127.0.0.1] INFO  o.s.context.support.DefaultLifecycleProcessor - Stopping beans in phase 0
2018-05-31 19:25:57.019 [RMI TCP Connection(2)-127.0.0.1] INFO  o.s.jmx.export.annotation.AnnotationMBeanExporter - Unregistering JMX-exposed beans on shutdown
2018-05-31 19:25:57.020 [RMI TCP Connection(2)-127.0.0.1] INFO  o.s.jmx.export.annotation.AnnotationMBeanExporter - Unregistering JMX-exposed beans
2018-05-31 19:25:57.021 [RMI TCP Connection(2)-127.0.0.1] INFO  com.netflix.eureka.DefaultEurekaServerContext - Shutting down ...
2018-05-31 19:25:57.024 [RMI TCP Connection(2)-127.0.0.1] INFO  com.netflix.eureka.DefaultEurekaServerContext - Shut down
2018-05-31 19:25:57.303 [RMI TCP Connection(2)-127.0.0.1] INFO  org.apache.catalina.core.StandardService - Stopping service Tomcat
2018-05-31 19:25:57.305 [localhost-startStop-2] INFO  o.a.c.core.ContainerBase.[Tomcat].[localhost].[/] - Destroying Spring FrameworkServlet 'dispatcherServlet'
